2025-04-11 22:43:17.933 [info] ログ レベル: Info
2025-04-11 22:43:17.933 [info] Git の検証が検出されました: "C:\Program Files\Git\cmd\git.exe"
2025-04-11 22:43:18.428 [info] "C:\Program Files\Git\cmd\git.exe" から Git "2.41.0.windows.3" を使用しています
2025-04-11 22:43:18.658 [info] > git rev-parse --show-toplevel [182ms]
2025-04-11 22:43:18.862 [info] > git rev-parse --git-dir --git-common-dir [196ms]
2025-04-11 22:43:18.873 [info] Open repository: c:\Users\kabu_server\000_work\py3123
2025-04-11 22:43:19.447 [info] > git config --get commit.template [553ms]
2025-04-11 22:43:19.458 [info] > git rev-parse --show-toplevel [560ms]
2025-04-11 22:43:19.476 [info] > git for-each-ref --format=%(refname)%00%(upstream:short)%00%(objectname)%00%(upstream:track)%00%(upstream:remotename)%00%(upstream:remoteref) --ignore-case refs/heads/master refs/remotes/master [570ms]
2025-04-11 22:43:19.876 [info] > git rev-parse --show-toplevel [406ms]
2025-04-11 22:43:20.232 [info] > git check-ignore -v -z --stdin [793ms]
2025-04-11 22:43:20.384 [info] > git rev-parse --show-toplevel [502ms]
2025-04-11 22:43:20.539 [info] > git rev-parse --show-toplevel [150ms]
2025-04-11 22:43:20.698 [info] > git rev-parse --git-dir --git-common-dir [153ms]
2025-04-11 22:43:20.707 [info] Open repository: c:\Users\kabu_server\000_work\py3123\markitdown
2025-04-11 22:43:20.927 [info] > git config --get commit.template [209ms]
2025-04-11 22:43:20.941 [info] > git rev-parse --show-toplevel [218ms]
2025-04-11 22:43:20.972 [info] > git status -z -uall [1484ms]
2025-04-11 22:43:21.040 [info] > git for-each-ref --format=%(refname)%00%(upstream:short)%00%(objectname)%00%(upstream:track)%00%(upstream:remotename)%00%(upstream:remoteref) --ignore-case refs/heads/main refs/remotes/main [307ms]
2025-04-11 22:43:21.047 [warning] ENOENT: no such file or directory, open 'c:\Users\kabu_server\000_work\py3123\markitdown\.git\refs\remotes\origin\main'
2025-04-11 22:43:21.268 [info] > git rev-parse --show-toplevel [320ms]
2025-04-11 22:43:21.341 [info] > git merge-base refs/heads/master refs/remotes/origin/master [357ms]
2025-04-11 22:43:21.355 [info] > git config --get commit.template [338ms]
2025-04-11 22:43:21.355 [info] > git for-each-ref --format=%(refname)%00%(upstream:short)%00%(objectname)%00%(upstream:track)%00%(upstream:remotename)%00%(upstream:remoteref) --ignore-case refs/heads/master refs/remotes/master [332ms]
2025-04-11 22:43:21.369 [info] > git rev-parse refs/remotes/origin/main [321ms]
2025-04-11 22:43:21.487 [info] > git check-ignore -v -z --stdin [230ms]
2025-04-11 22:43:21.555 [info] > git -c core.longpaths=true rev-list --count --left-right refs/heads/master...refs/remotes/origin/master [208ms]
2025-04-11 22:43:21.566 [info] > git rev-parse --show-toplevel [292ms]
2025-04-11 22:43:21.825 [info] > git status -z -uall [450ms]
2025-04-11 22:43:22.030 [info] > git check-ignore -v -z --stdin [780ms]
2025-04-11 22:43:22.196 [info] > git diff --name-status -z --diff-filter=ADMR 28d79b6a38bc2a8090129b364da586b78140bb2f...refs/remotes/origin/master [634ms]
2025-04-11 22:43:22.227 [info] > git ls-files --stage -- C:\Users\kabu_server\000_work\py3123\start-jupyterlab.bat [645ms]
2025-04-11 22:43:22.233 [info] > git show --textconv :start-jupyterlab.bat [659ms]
2025-04-11 22:43:22.303 [info] > git merge-base refs/heads/main refs/remotes/origin/main [469ms]
2025-04-11 22:43:22.315 [info] > git for-each-ref --format=%(refname)%00%(upstream:short)%00%(objectname)%00%(upstream:track)%00%(upstream:remotename)%00%(upstream:remoteref) --ignore-case refs/heads/main refs/remotes/main [403ms]
2025-04-11 22:43:22.321 [warning] ENOENT: no such file or directory, open 'c:\Users\kabu_server\000_work\py3123\markitdown\.git\refs\remotes\origin\main'
2025-04-11 22:43:22.331 [info] > git config --get commit.template [424ms]
2025-04-11 22:43:22.486 [info] > git cat-file -s b33f2ea18ce9ec4cf3e19b88b6a797eefe5d1d63 [253ms]
2025-04-11 22:43:22.538 [info] > git -c core.longpaths=true rev-list --count --left-right refs/heads/main...refs/remotes/origin/main [228ms]
2025-04-11 22:43:22.561 [info] > git rev-parse refs/remotes/origin/main [241ms]
2025-04-11 22:43:22.757 [info] > git status -z -uall [1395ms]
2025-04-11 22:43:22.810 [info] > git diff --name-status -z --diff-filter=ADMR 3fcd48cdfc651cbf508071c8d2fb7d82aeb075de...refs/remotes/origin/main [265ms]
2025-04-11 22:43:22.839 [info] > git status -z -uall [272ms]
2025-04-11 22:43:24.315 [info] > git config --get commit.template [71ms]
2025-04-11 22:43:24.326 [info] > git for-each-ref --format=%(refname)%00%(upstream:short)%00%(objectname)%00%(upstream:track)%00%(upstream:remotename)%00%(upstream:remoteref) --ignore-case refs/heads/master refs/remotes/master [77ms]
2025-04-11 22:43:24.935 [info] > git status -z -uall [602ms]
2025-04-11 22:43:31.492 [info] > git config --get commit.template [98ms]
2025-04-11 22:43:31.503 [info] > git for-each-ref --format=%(refname)%00%(upstream:short)%00%(objectname)%00%(upstream:track)%00%(upstream:remotename)%00%(upstream:remoteref) --ignore-case refs/heads/master refs/remotes/master [95ms]
2025-04-11 22:43:32.073 [info] > git status -z -uall [565ms]
2025-04-11 22:43:37.221 [info] > git config --get commit.template [96ms]
2025-04-11 22:43:37.232 [info] > git for-each-ref --format=%(refname)%00%(upstream:short)%00%(objectname)%00%(upstream:track)%00%(upstream:remotename)%00%(upstream:remoteref) --ignore-case refs/heads/master refs/remotes/master [91ms]
2025-04-11 22:43:37.810 [info] > git status -z -uall [571ms]
2025-04-11 22:44:11.447 [info] > git config --get commit.template [85ms]
2025-04-11 22:44:11.457 [info] > git for-each-ref --format=%(refname)%00%(upstream:short)%00%(objectname)%00%(upstream:track)%00%(upstream:remotename)%00%(upstream:remoteref) --ignore-case refs/heads/master refs/remotes/master [85ms]
2025-04-11 22:44:12.162 [info] > git status -z -uall [700ms]
2025-04-11 22:44:25.399 [info] > git config --get commit.template [109ms]
2025-04-11 22:44:25.407 [info] > git for-each-ref --format=%(refname)%00%(upstream:short)%00%(objectname)%00%(upstream:track)%00%(upstream:remotename)%00%(upstream:remoteref) --ignore-case refs/heads/master refs/remotes/master [103ms]
2025-04-11 22:44:25.991 [info] > git status -z -uall [578ms]
