2025-04-11 05:50:02.895 [info] ログ レベル: Info
2025-04-11 05:50:02.895 [info] Git の検証が検出されました: "C:\Program Files\Git\cmd\git.exe"
2025-04-11 05:50:03.248 [info] "C:\Program Files\Git\cmd\git.exe" から Git "2.41.0.windows.3" を使用しています
2025-04-11 05:50:03.509 [info] > git rev-parse --show-toplevel [245ms]
2025-04-11 05:50:04.103 [info] > git rev-parse --git-dir --git-common-dir [487ms]
2025-04-11 05:50:04.126 [info] Open repository: c:\Users\kabu_server\000_work\py3123
2025-04-11 05:50:04.554 [info] > git config --get commit.template [403ms]
2025-04-11 05:50:04.555 [info] > git rev-parse --show-toplevel [399ms]
2025-04-11 05:50:04.577 [info] > git for-each-ref --format=%(refname)%00%(upstream:short)%00%(objectname)%00%(upstream:track)%00%(upstream:remotename)%00%(upstream:remoteref) --ignore-case refs/heads/master refs/remotes/master [408ms]
2025-04-11 05:50:04.744 [info] > git rev-parse --show-toplevel [183ms]
2025-04-11 05:50:05.042 [info] > git rev-parse --show-toplevel [292ms]
2025-04-11 05:50:05.498 [info] > git check-ignore -v -z --stdin [817ms]
2025-04-11 05:50:05.520 [info] > git rev-parse --show-toplevel [471ms]
2025-04-11 05:50:05.661 [info] > git rev-parse --git-dir --git-common-dir [134ms]
2025-04-11 05:50:05.672 [info] Open repository: c:\Users\kabu_server\000_work\py3123\markitdown
2025-04-11 05:50:05.906 [info] > git rev-parse --show-toplevel [212ms]
2025-04-11 05:50:05.917 [info] > git for-each-ref --format=%(refname)%00%(upstream:short)%00%(objectname)%00%(upstream:track)%00%(upstream:remotename)%00%(upstream:remoteref) --ignore-case refs/heads/main refs/remotes/main [197ms]
2025-04-11 05:50:05.924 [warning] ENOENT: no such file or directory, open 'c:\Users\kabu_server\000_work\py3123\markitdown\.git\refs\remotes\origin\main'
2025-04-11 05:50:05.926 [info] > git config --get commit.template [237ms]
2025-04-11 05:50:05.954 [info] > git status -z -uall [1355ms]
2025-04-11 05:50:06.214 [info] > git rev-parse --show-toplevel [304ms]
2025-04-11 05:50:06.215 [info] > git rev-parse refs/remotes/origin/main [291ms]
2025-04-11 05:50:06.263 [info] > git merge-base refs/heads/master refs/remotes/origin/master [299ms]
2025-04-11 05:50:06.289 [info] > git config --get commit.template [295ms]
2025-04-11 05:50:06.290 [info] > git for-each-ref --format=%(refname)%00%(upstream:short)%00%(objectname)%00%(upstream:track)%00%(upstream:remotename)%00%(upstream:remoteref) --ignore-case refs/heads/master refs/remotes/master [289ms]
2025-04-11 05:50:06.548 [info] > git rev-parse --show-toplevel [300ms]
2025-04-11 05:50:06.581 [info] > git check-ignore -v -z --stdin [339ms]
2025-04-11 05:50:06.602 [info] > git status -z -uall [374ms]
2025-04-11 05:50:06.675 [info] > git -c core.longpaths=true rev-list --count --left-right refs/heads/master...refs/remotes/origin/master [405ms]
2025-04-11 05:50:07.114 [info] > git check-ignore -v -z --stdin [879ms]
2025-04-11 05:50:07.117 [info] > git show --textconv HEAD:.gitignore [557ms]
2025-04-11 05:50:07.169 [info] > git ls-tree -l HEAD -- C:\Users\kabu_server\000_work\py3123\.gitignore [601ms]
2025-04-11 05:50:07.339 [info] > git show --textconv :README.md [765ms]
2025-04-11 05:50:07.340 [info] > git merge-base refs/heads/main refs/remotes/origin/main [727ms]
2025-04-11 05:50:07.347 [info] > git for-each-ref --format=%(refname)%00%(upstream:short)%00%(objectname)%00%(upstream:track)%00%(upstream:remotename)%00%(upstream:remoteref) --ignore-case refs/heads/main refs/remotes/main [659ms]
2025-04-11 05:50:07.354 [warning] ENOENT: no such file or directory, open 'c:\Users\kabu_server\000_work\py3123\markitdown\.git\refs\remotes\origin\main'
2025-04-11 05:50:07.366 [info] > git config --get commit.template [691ms]
2025-04-11 05:50:07.400 [info] > git ls-files --stage -- C:\Users\kabu_server\000_work\py3123\README.md [818ms]
2025-04-11 05:50:07.407 [info] > git diff --name-status -z --diff-filter=ADMR 28d79b6a38bc2a8090129b364da586b78140bb2f...refs/remotes/origin/master [724ms]
2025-04-11 05:50:07.541 [info] > git ls-tree -l HEAD -- C:\Users\kabu_server\000_work\py3123\.gitignore [358ms]
2025-04-11 05:50:07.560 [info] > git -c core.longpaths=true rev-list --count --left-right refs/heads/main...refs/remotes/origin/main [213ms]
2025-04-11 05:50:07.603 [info] > git rev-parse refs/remotes/origin/main [249ms]
2025-04-11 05:50:07.622 [info] > git cat-file -s f4afea8de12ca65179201bc0a1f43dd1d55cd7a9 [215ms]
2025-04-11 05:50:07.736 [info] > git diff --name-status -z --diff-filter=ADMR 3fcd48cdfc651cbf508071c8d2fb7d82aeb075de...refs/remotes/origin/main [168ms]
2025-04-11 05:50:07.744 [info] > git status -z -uall [126ms]
2025-04-11 05:50:07.832 [info] > git status -z -uall [1535ms]
2025-04-11 05:50:11.435 [info] > git config --get commit.template [84ms]
2025-04-11 05:50:11.442 [info] > git for-each-ref --format=%(refname)%00%(upstream:short)%00%(objectname)%00%(upstream:track)%00%(upstream:remotename)%00%(upstream:remoteref) --ignore-case refs/heads/master refs/remotes/master [86ms]
2025-04-11 05:50:12.281 [info] > git status -z -uall [834ms]
2025-04-11 05:50:17.388 [info] > git config --get commit.template [78ms]
2025-04-11 05:50:17.402 [info] > git for-each-ref --format=%(refname)%00%(upstream:short)%00%(objectname)%00%(upstream:track)%00%(upstream:remotename)%00%(upstream:remoteref) --ignore-case refs/heads/master refs/remotes/master [87ms]
2025-04-11 05:50:18.098 [info] > git status -z -uall [690ms]
2025-04-11 05:50:23.197 [info] > git config --get commit.template [79ms]
2025-04-11 05:50:23.206 [info] > git for-each-ref --format=%(refname)%00%(upstream:short)%00%(objectname)%00%(upstream:track)%00%(upstream:remotename)%00%(upstream:remoteref) --ignore-case refs/heads/master refs/remotes/master [84ms]
2025-04-11 05:50:23.821 [info] > git status -z -uall [610ms]
2025-04-11 05:50:28.949 [info] > git config --get commit.template [98ms]
2025-04-11 05:50:28.960 [info] > git for-each-ref --format=%(refname)%00%(upstream:short)%00%(objectname)%00%(upstream:track)%00%(upstream:remotename)%00%(upstream:remoteref) --ignore-case refs/heads/master refs/remotes/master [104ms]
2025-04-11 05:50:29.818 [info] > git status -z -uall [852ms]
2025-04-11 05:50:35.472 [info] > git config --get commit.template [116ms]
2025-04-11 05:50:35.493 [info] > git for-each-ref --format=%(refname)%00%(upstream:short)%00%(objectname)%00%(upstream:track)%00%(upstream:remotename)%00%(upstream:remoteref) --ignore-case refs/heads/master refs/remotes/master [131ms]
2025-04-11 05:50:36.304 [info] > git status -z -uall [804ms]
2025-04-11 05:50:41.452 [info] > git config --get commit.template [92ms]
2025-04-11 05:50:41.469 [info] > git for-each-ref --format=%(refname)%00%(upstream:short)%00%(objectname)%00%(upstream:track)%00%(upstream:remotename)%00%(upstream:remoteref) --ignore-case refs/heads/master refs/remotes/master [97ms]
2025-04-11 05:50:42.096 [info] > git status -z -uall [605ms]
2025-04-11 05:50:48.630 [info] > git config --get commit.template [82ms]
2025-04-11 05:50:48.642 [info] > git for-each-ref --format=%(refname)%00%(upstream:short)%00%(objectname)%00%(upstream:track)%00%(upstream:remotename)%00%(upstream:remoteref) --ignore-case refs/heads/master refs/remotes/master [86ms]
2025-04-11 05:50:49.221 [info] > git status -z -uall [572ms]
2025-04-11 05:50:54.345 [info] > git config --get commit.template [91ms]
2025-04-11 05:50:54.356 [info] > git for-each-ref --format=%(refname)%00%(upstream:short)%00%(objectname)%00%(upstream:track)%00%(upstream:remotename)%00%(upstream:remoteref) --ignore-case refs/heads/master refs/remotes/master [87ms]
2025-04-11 05:50:54.935 [info] > git status -z -uall [573ms]
2025-04-11 05:51:04.957 [info] > git config --get commit.template [92ms]
2025-04-11 05:51:04.968 [info] > git for-each-ref --format=%(refname)%00%(upstream:short)%00%(objectname)%00%(upstream:track)%00%(upstream:remotename)%00%(upstream:remoteref) --ignore-case refs/heads/master refs/remotes/master [90ms]
2025-04-11 05:51:05.553 [info] > git status -z -uall [579ms]
2025-04-11 05:52:16.590 [info] > git merge-base refs/heads/master refs/remotes/origin/master [109ms]
2025-04-11 05:52:16.599 [info] > git merge-base refs/heads/main refs/remotes/origin/main [108ms]
2025-04-11 05:52:16.689 [info] > git -c core.longpaths=true rev-list --count --left-right refs/heads/master...refs/remotes/origin/master [91ms]
2025-04-11 05:52:16.690 [info] > git -c core.longpaths=true rev-list --count --left-right refs/heads/main...refs/remotes/origin/main [83ms]
2025-04-11 05:52:17.804 [info] > git check-ignore -v -z --stdin [225ms]
2025-04-11 05:52:19.038 [info] > git config --get commit.template [125ms]
2025-04-11 05:52:19.061 [info] > git for-each-ref --format=%(refname)%00%(upstream:short)%00%(objectname)%00%(upstream:track)%00%(upstream:remotename)%00%(upstream:remoteref) --ignore-case refs/heads/master refs/remotes/master [142ms]
2025-04-11 05:52:20.106 [info] > git status -z -uall [1038ms]
2025-04-11 05:52:25.393 [info] > git check-ignore -v -z --stdin [326ms]
2025-04-11 05:52:26.723 [info] > git for-each-ref --format=%(refname)%00%(upstream:short)%00%(objectname)%00%(upstream:track)%00%(upstream:remotename)%00%(upstream:remoteref) --ignore-case refs/heads/master refs/remotes/master [183ms]
2025-04-11 05:52:26.724 [info] > git config --get commit.template [189ms]
2025-04-11 05:52:27.635 [info] > git status -z -uall [905ms]
2025-04-11 05:52:27.760 [info] > git check-ignore -v -z --stdin [100ms]
2025-04-11 05:52:27.919 [info] > git check-ignore -v -z --stdin [265ms]
2025-04-11 05:52:32.821 [info] > git config --get commit.template [152ms]
2025-04-11 05:52:32.833 [info] > git for-each-ref --format=%(refname)%00%(upstream:short)%00%(objectname)%00%(upstream:track)%00%(upstream:remotename)%00%(upstream:remoteref) --ignore-case refs/heads/master refs/remotes/master [146ms]
2025-04-11 05:52:33.746 [info] > git status -z -uall [906ms]
