2025-04-11 22:34:41.129 [info] ログ レベル: Info
2025-04-11 22:34:41.129 [info] Git の検証が検出されました: "C:\Program Files\Git\cmd\git.exe"
2025-04-11 22:34:42.863 [info] "C:\Program Files\Git\cmd\git.exe" から Git "2.41.0.windows.3" を使用しています
2025-04-11 22:34:43.024 [info] > git rev-parse --show-toplevel [138ms]
2025-04-11 22:34:43.271 [info] > git rev-parse --git-dir --git-common-dir [228ms]
2025-04-11 22:34:43.284 [info] Open repository: c:\Users\kabu_server\000_work\py3123
2025-04-11 22:34:43.703 [info] > git config --get commit.template [410ms]
2025-04-11 22:34:43.717 [info] > git rev-parse --show-toplevel [418ms]
2025-04-11 22:34:43.725 [info] > git for-each-ref --format=%(refname)%00%(upstream:short)%00%(objectname)%00%(upstream:track)%00%(upstream:remotename)%00%(upstream:remoteref) --ignore-case refs/heads/master refs/remotes/master [379ms]
2025-04-11 22:34:43.887 [info] > git rev-parse --show-toplevel [162ms]
2025-04-11 22:34:44.431 [info] > git rev-parse --show-toplevel [535ms]
2025-04-11 22:34:44.571 [info] > git rev-parse --show-toplevel [133ms]
2025-04-11 22:34:44.619 [info] > git check-ignore -v -z --stdin [758ms]
2025-04-11 22:34:44.677 [info] > git rev-parse --git-dir --git-common-dir [100ms]
2025-04-11 22:34:44.688 [info] Open repository: c:\Users\kabu_server\000_work\py3123\markitdown
2025-04-11 22:34:44.865 [info] > git rev-parse --show-toplevel [158ms]
2025-04-11 22:34:44.866 [info] > git config --get commit.template [166ms]
2025-04-11 22:34:44.879 [info] > git for-each-ref --format=%(refname)%00%(upstream:short)%00%(objectname)%00%(upstream:track)%00%(upstream:remotename)%00%(upstream:remoteref) --ignore-case refs/heads/main refs/remotes/main [163ms]
2025-04-11 22:34:44.886 [warning] ENOENT: no such file or directory, open 'c:\Users\kabu_server\000_work\py3123\markitdown\.git\refs\remotes\origin\main'
2025-04-11 22:34:44.896 [info] > git status -z -uall [1149ms]
2025-04-11 22:34:45.102 [info] > git rev-parse refs/remotes/origin/main [217ms]
2025-04-11 22:34:45.110 [info] > git rev-parse --show-toplevel [240ms]
2025-04-11 22:34:45.136 [info] > git config --get commit.template [207ms]
2025-04-11 22:34:45.164 [info] > git merge-base refs/heads/master refs/remotes/origin/master [255ms]
2025-04-11 22:34:45.175 [info] > git for-each-ref --format=%(refname)%00%(upstream:short)%00%(objectname)%00%(upstream:track)%00%(upstream:remotename)%00%(upstream:remoteref) --ignore-case refs/heads/master refs/remotes/master [226ms]
2025-04-11 22:34:45.282 [info] > git status -z -uall [173ms]
2025-04-11 22:34:45.295 [info] > git rev-parse --show-toplevel [177ms]
2025-04-11 22:34:45.415 [info] > git -c core.longpaths=true rev-list --count --left-right refs/heads/master...refs/remotes/origin/master [241ms]
2025-04-11 22:34:45.695 [info] > git check-ignore -v -z --stdin [463ms]
2025-04-11 22:34:45.915 [info] > git ls-files --stage -- C:\Users\kabu_server\000_work\py3123\README.md [601ms]
2025-04-11 22:34:45.921 [info] > git show --textconv :README.md [615ms]
2025-04-11 22:34:45.923 [info] > git merge-base refs/heads/main refs/remotes/origin/main [633ms]
2025-04-11 22:34:46.005 [info] > git config --get commit.template [683ms]
2025-04-11 22:34:46.017 [info] > git for-each-ref --format=%(refname)%00%(upstream:short)%00%(objectname)%00%(upstream:track)%00%(upstream:remotename)%00%(upstream:remoteref) --ignore-case refs/heads/main refs/remotes/main [686ms]
2025-04-11 22:34:46.023 [warning] ENOENT: no such file or directory, open 'c:\Users\kabu_server\000_work\py3123\markitdown\.git\refs\remotes\origin\main'
2025-04-11 22:34:46.086 [info] > git diff --name-status -z --diff-filter=ADMR 28d79b6a38bc2a8090129b364da586b78140bb2f...refs/remotes/origin/master [661ms]
2025-04-11 22:34:46.138 [info] > git check-ignore -v -z --stdin [913ms]
2025-04-11 22:34:46.201 [info] > git rev-parse refs/remotes/origin/main [177ms]
2025-04-11 22:34:46.207 [info] > git -c core.longpaths=true rev-list --count --left-right refs/heads/main...refs/remotes/origin/main [276ms]
2025-04-11 22:34:46.215 [info] > git cat-file -s f4afea8de12ca65179201bc0a1f43dd1d55cd7a9 [294ms]
2025-04-11 22:34:46.370 [info] > git diff --name-status -z --diff-filter=ADMR 3fcd48cdfc651cbf508071c8d2fb7d82aeb075de...refs/remotes/origin/main [156ms]
2025-04-11 22:34:46.374 [info] > git status -z -uall [168ms]
2025-04-11 22:34:46.476 [info] > git status -z -uall [1294ms]
2025-04-11 22:35:32.048 [info] > git config --get commit.template [123ms]
2025-04-11 22:35:32.073 [info] > git for-each-ref --format=%(refname)%00%(upstream:short)%00%(objectname)%00%(upstream:track)%00%(upstream:remotename)%00%(upstream:remoteref) --ignore-case refs/heads/master refs/remotes/master [143ms]
2025-04-11 22:35:32.738 [info] > git status -z -uall [657ms]
2025-04-11 22:35:37.843 [info] > git config --get commit.template [70ms]
2025-04-11 22:35:37.855 [info] > git for-each-ref --format=%(refname)%00%(upstream:short)%00%(objectname)%00%(upstream:track)%00%(upstream:remotename)%00%(upstream:remoteref) --ignore-case refs/heads/master refs/remotes/master [77ms]
2025-04-11 22:35:38.428 [info] > git status -z -uall [568ms]
2025-04-11 22:35:46.684 [info] > git config --get commit.template [89ms]
2025-04-11 22:35:46.696 [info] > git for-each-ref --format=%(refname)%00%(upstream:short)%00%(objectname)%00%(upstream:track)%00%(upstream:remotename)%00%(upstream:remoteref) --ignore-case refs/heads/master refs/remotes/master [88ms]
2025-04-11 22:35:47.301 [info] > git status -z -uall [599ms]
2025-04-11 22:35:54.825 [info] > git config --get commit.template [96ms]
2025-04-11 22:35:54.836 [info] > git for-each-ref --format=%(refname)%00%(upstream:short)%00%(objectname)%00%(upstream:track)%00%(upstream:remotename)%00%(upstream:remoteref) --ignore-case refs/heads/master refs/remotes/master [92ms]
2025-04-11 22:35:55.422 [info] > git status -z -uall [580ms]
2025-04-11 22:36:22.975 [info] > git config --get commit.template [86ms]
2025-04-11 22:36:22.987 [info] > git for-each-ref --format=%(refname)%00%(upstream:short)%00%(objectname)%00%(upstream:track)%00%(upstream:remotename)%00%(upstream:remoteref) --ignore-case refs/heads/master refs/remotes/master [87ms]
2025-04-11 22:36:23.571 [info] > git status -z -uall [579ms]
2025-04-11 22:36:33.076 [info] > git config --get commit.template [69ms]
2025-04-11 22:36:33.088 [info] > git for-each-ref --format=%(refname)%00%(upstream:short)%00%(objectname)%00%(upstream:track)%00%(upstream:remotename)%00%(upstream:remoteref) --ignore-case refs/heads/master refs/remotes/master [75ms]
2025-04-11 22:36:33.762 [info] > git status -z -uall [668ms]
2025-04-11 22:39:05.562 [info] > git config --get commit.template [152ms]
2025-04-11 22:39:05.586 [info] > git for-each-ref --format=%(refname)%00%(upstream:short)%00%(objectname)%00%(upstream:track)%00%(upstream:remotename)%00%(upstream:remoteref) --ignore-case refs/heads/master refs/remotes/master [166ms]
2025-04-11 22:39:06.442 [info] > git status -z -uall [844ms]
2025-04-11 22:39:11.575 [info] > git config --get commit.template [88ms]
2025-04-11 22:39:11.585 [info] > git for-each-ref --format=%(refname)%00%(upstream:short)%00%(objectname)%00%(upstream:track)%00%(upstream:remotename)%00%(upstream:remoteref) --ignore-case refs/heads/master refs/remotes/master [85ms]
2025-04-11 22:39:12.162 [info] > git status -z -uall [571ms]
2025-04-11 22:39:20.222 [info] > git config --get commit.template [97ms]
2025-04-11 22:39:20.231 [info] > git for-each-ref --format=%(refname)%00%(upstream:short)%00%(objectname)%00%(upstream:track)%00%(upstream:remotename)%00%(upstream:remoteref) --ignore-case refs/heads/master refs/remotes/master [91ms]
2025-04-11 22:39:20.821 [info] > git status -z -uall [583ms]
2025-04-11 22:39:33.238 [info] > git config --get commit.template [99ms]
2025-04-11 22:39:33.249 [info] > git for-each-ref --format=%(refname)%00%(upstream:short)%00%(objectname)%00%(upstream:track)%00%(upstream:remotename)%00%(upstream:remoteref) --ignore-case refs/heads/master refs/remotes/master [97ms]
2025-04-11 22:39:33.820 [info] > git status -z -uall [565ms]
