2025-04-10 19:37:39.980 [info] ログ レベル: Info
2025-04-10 19:37:39.981 [info] Git の検証が検出されました: "C:\Program Files\Git\cmd\git.exe"
2025-04-10 19:37:40.148 [info] "C:\Program Files\Git\cmd\git.exe" から Git "2.41.0.windows.3" を使用しています
2025-04-10 19:37:40.524 [info] > git rev-parse --show-toplevel [343ms]
2025-04-10 19:37:41.000 [info] > git rev-parse --git-dir --git-common-dir [284ms]
2025-04-10 19:37:41.011 [info] Open repository: c:\Users\kabu_server\000_work\py3123
2025-04-10 19:37:41.718 [info] > git for-each-ref --format=%(refname)%00%(upstream:short)%00%(objectname)%00%(upstream:track)%00%(upstream:remotename)%00%(upstream:remoteref) --ignore-case refs/heads/master refs/remotes/master [679ms]
2025-04-10 19:37:41.719 [info] > git rev-parse --show-toplevel [689ms]
2025-04-10 19:37:41.806 [info] > git config --get commit.template [782ms]
2025-04-10 19:37:41.980 [info] > git rev-parse --show-toplevel [255ms]
2025-04-10 19:37:42.488 [info] > git rev-parse --show-toplevel [501ms]
2025-04-10 19:37:42.533 [info] > git check-ignore -v -z --stdin [894ms]
2025-04-10 19:37:42.712 [info] > git rev-parse --show-toplevel [218ms]
2025-04-10 19:37:42.885 [info] > git rev-parse --show-toplevel [166ms]
2025-04-10 19:37:43.063 [info] > git rev-parse --show-toplevel [172ms]
2025-04-10 19:37:43.224 [info] > git rev-parse --git-dir --git-common-dir [155ms]
2025-04-10 19:37:43.232 [info] Open repository: c:\Users\kabu_server\000_work\py3123\markitdown
2025-04-10 19:37:43.424 [info] > git status -z -uall [1599ms]
2025-04-10 19:37:43.530 [info] > git rev-parse --show-toplevel [285ms]
2025-04-10 19:37:44.192 [info] > git for-each-ref --format=%(refname)%00%(upstream:short)%00%(objectname)%00%(upstream:track)%00%(upstream:remotename)%00%(upstream:remoteref) --ignore-case refs/heads/main refs/remotes/main [937ms]
2025-04-10 19:37:44.196 [info] > git config --get commit.template [667ms]
2025-04-10 19:37:44.196 [info] > git merge-base refs/heads/master refs/remotes/origin/master [752ms]
2025-04-10 19:37:44.205 [info] > git config --get commit.template [965ms]
2025-04-10 19:37:44.264 [warning] ENOENT: no such file or directory, open 'c:\Users\kabu_server\000_work\py3123\markitdown\.git\refs\remotes\origin\main'
2025-04-10 19:37:44.680 [info] > git rev-parse --show-toplevel [487ms]
2025-04-10 19:37:44.786 [info] > git rev-parse refs/remotes/origin/main [522ms]
2025-04-10 19:37:44.805 [info] > git check-ignore -v -z --stdin [550ms]
2025-04-10 19:37:44.807 [info] > git for-each-ref --format=%(refname)%00%(upstream:short)%00%(objectname)%00%(upstream:track)%00%(upstream:remotename)%00%(upstream:remoteref) --ignore-case refs/heads/master refs/remotes/master [536ms]
2025-04-10 19:37:44.807 [info] > git -c core.longpaths=true rev-list --count --left-right refs/heads/master...refs/remotes/origin/master [602ms]
2025-04-10 19:37:45.023 [info] > git rev-parse --show-toplevel [338ms]
2025-04-10 19:37:45.134 [info] > git check-ignore -v -z --stdin [887ms]
2025-04-10 19:37:45.157 [info] > git diff --name-status -z --diff-filter=ADMR 3822ec16c6f994bf7e92c78d5ef1b93a207e03b1...refs/remotes/origin/master [343ms]
2025-04-10 19:37:45.172 [info] > git status -z -uall [367ms]
2025-04-10 19:37:45.665 [info] > git ls-files --stage -- C:\Users\kabu_server\000_work\py3123\python3123\tests\test-1.spec.ts [625ms]
2025-04-10 19:37:45.691 [info] > git show --textconv :python3123/tests/test-1.spec.ts [658ms]
2025-04-10 19:37:45.910 [info] > git merge-base refs/heads/main refs/remotes/origin/main [729ms]
2025-04-10 19:37:45.918 [info] > git config --get commit.template [727ms]
2025-04-10 19:37:45.961 [info] > git for-each-ref --format=%(refname)%00%(upstream:short)%00%(objectname)%00%(upstream:track)%00%(upstream:remotename)%00%(upstream:remoteref) --ignore-case refs/heads/main refs/remotes/main [764ms]
2025-04-10 19:37:45.966 [warning] ENOENT: no such file or directory, open 'c:\Users\kabu_server\000_work\py3123\markitdown\.git\refs\remotes\origin\main'
2025-04-10 19:37:46.366 [info] > git -c core.longpaths=true rev-list --count --left-right refs/heads/main...refs/remotes/origin/main [449ms]
2025-04-10 19:37:46.437 [info] > git rev-parse refs/remotes/origin/main [471ms]
2025-04-10 19:37:46.821 [info] > git diff --name-status -z --diff-filter=ADMR 3fcd48cdfc651cbf508071c8d2fb7d82aeb075de...refs/remotes/origin/main [448ms]
2025-04-10 19:37:46.904 [info] > git status -z -uall [462ms]
2025-04-10 19:37:47.002 [info] > git status -z -uall [2167ms]
2025-04-10 19:37:48.660 [info] > git config --get commit.template [86ms]
2025-04-10 19:37:48.671 [info] > git for-each-ref --format=%(refname)%00%(upstream:short)%00%(objectname)%00%(upstream:track)%00%(upstream:remotename)%00%(upstream:remoteref) --ignore-case refs/heads/master refs/remotes/master [83ms]
2025-04-10 19:37:49.382 [info] > git status -z -uall [705ms]
2025-04-10 19:37:54.538 [info] > git config --get commit.template [100ms]
2025-04-10 19:37:54.558 [info] > git for-each-ref --format=%(refname)%00%(upstream:short)%00%(objectname)%00%(upstream:track)%00%(upstream:remotename)%00%(upstream:remoteref) --ignore-case refs/heads/master refs/remotes/master [106ms]
2025-04-10 19:37:55.198 [info] > git status -z -uall [634ms]
2025-04-10 19:38:00.619 [info] > git config --get commit.template [82ms]
2025-04-10 19:38:00.631 [info] > git for-each-ref --format=%(refname)%00%(upstream:short)%00%(objectname)%00%(upstream:track)%00%(upstream:remotename)%00%(upstream:remoteref) --ignore-case refs/heads/master refs/remotes/master [88ms]
2025-04-10 19:38:01.397 [info] > git status -z -uall [761ms]
2025-04-10 19:38:06.550 [info] > git config --get commit.template [103ms]
2025-04-10 19:38:06.557 [info] > git for-each-ref --format=%(refname)%00%(upstream:short)%00%(objectname)%00%(upstream:track)%00%(upstream:remotename)%00%(upstream:remoteref) --ignore-case refs/heads/master refs/remotes/master [105ms]
2025-04-10 19:38:07.372 [info] > git status -z -uall [809ms]
2025-04-10 19:38:12.501 [info] > git config --get commit.template [85ms]
2025-04-10 19:38:12.526 [info] > git for-each-ref --format=%(refname)%00%(upstream:short)%00%(objectname)%00%(upstream:track)%00%(upstream:remotename)%00%(upstream:remoteref) --ignore-case refs/heads/master refs/remotes/master [104ms]
2025-04-10 19:38:13.258 [info] > git status -z -uall [726ms]
2025-04-10 19:38:28.480 [info] > git config --get commit.template [98ms]
2025-04-10 19:38:28.484 [info] > git for-each-ref --format=%(refname)%00%(upstream:short)%00%(objectname)%00%(upstream:track)%00%(upstream:remotename)%00%(upstream:remoteref) --ignore-case refs/heads/master refs/remotes/master [93ms]
2025-04-10 19:38:35.154 [info] > git status -z -uall [6664ms]
2025-04-10 19:38:40.344 [info] > git config --get commit.template [103ms]
2025-04-10 19:38:40.357 [info] > git for-each-ref --format=%(refname)%00%(upstream:short)%00%(objectname)%00%(upstream:track)%00%(upstream:remotename)%00%(upstream:remoteref) --ignore-case refs/heads/master refs/remotes/master [99ms]
2025-04-10 19:38:46.861 [info] > git status -z -uall [6498ms]
2025-04-10 20:05:29.640 [info] > git check-ignore -v -z --stdin [235ms]
2025-04-10 20:05:30.219 [info] > git config --get commit.template [106ms]
2025-04-10 20:05:30.234 [info] > git for-each-ref --format=%(refname)%00%(upstream:short)%00%(objectname)%00%(upstream:track)%00%(upstream:remotename)%00%(upstream:remoteref) --ignore-case refs/heads/master refs/remotes/master [107ms]
2025-04-10 20:05:36.841 [info] > git status -z -uall [6600ms]
2025-04-10 20:05:42.006 [info] > git config --get commit.template [88ms]
2025-04-10 20:05:42.018 [info] > git for-each-ref --format=%(refname)%00%(upstream:short)%00%(objectname)%00%(upstream:track)%00%(upstream:remotename)%00%(upstream:remoteref) --ignore-case refs/heads/master refs/remotes/master [87ms]
2025-04-10 20:05:48.502 [info] > git status -z -uall [6477ms]
2025-04-11 05:23:14.354 [info] > git config --get commit.template [1457ms]
2025-04-11 05:23:14.484 [info] > git for-each-ref --format=%(refname)%00%(upstream:short)%00%(objectname)%00%(upstream:track)%00%(upstream:remotename)%00%(upstream:remoteref) --ignore-case refs/heads/master refs/remotes/master [1577ms]
2025-04-11 05:23:16.245 [info] > git ls-files --stage -- C:\Users\kabu_server\000_work\py3123\python3123\tests\test-1.spec.ts [660ms]
2025-04-11 05:23:16.540 [info] > git show --textconv :python3123/tests/test-1.spec.ts [286ms]
2025-04-11 05:23:23.908 [info] > git status -z -uall [9401ms]
2025-04-11 05:23:29.106 [info] > git config --get commit.template [104ms]
2025-04-11 05:23:29.113 [info] > git for-each-ref --format=%(refname)%00%(upstream:short)%00%(objectname)%00%(upstream:track)%00%(upstream:remotename)%00%(upstream:remoteref) --ignore-case refs/heads/master refs/remotes/master [96ms]
2025-04-11 05:23:35.591 [info] > git status -z -uall [6474ms]
2025-04-11 05:23:40.750 [info] > git config --get commit.template [87ms]
2025-04-11 05:23:40.763 [info] > git for-each-ref --format=%(refname)%00%(upstream:short)%00%(objectname)%00%(upstream:track)%00%(upstream:remotename)%00%(upstream:remoteref) --ignore-case refs/heads/master refs/remotes/master [86ms]
2025-04-11 05:23:47.259 [info] > git status -z -uall [6492ms]
2025-04-11 05:24:44.424 [info] > git config --get commit.template [75ms]
2025-04-11 05:24:44.437 [info] > git for-each-ref --format=%(refname)%00%(upstream:short)%00%(objectname)%00%(upstream:track)%00%(upstream:remotename)%00%(upstream:remoteref) --ignore-case refs/heads/master refs/remotes/master [83ms]
2025-04-11 05:24:51.079 [info] > git status -z -uall [6636ms]
2025-04-11 05:24:56.253 [info] > git config --get commit.template [89ms]
2025-04-11 05:24:56.266 [info] > git for-each-ref --format=%(refname)%00%(upstream:short)%00%(objectname)%00%(upstream:track)%00%(upstream:remotename)%00%(upstream:remoteref) --ignore-case refs/heads/master refs/remotes/master [92ms]
2025-04-11 05:25:02.811 [info] > git status -z -uall [6540ms]
2025-04-11 05:25:23.402 [info] > git config --get commit.template [83ms]
2025-04-11 05:25:23.423 [info] > git for-each-ref --format=%(refname)%00%(upstream:short)%00%(objectname)%00%(upstream:track)%00%(upstream:remotename)%00%(upstream:remoteref) --ignore-case refs/heads/master refs/remotes/master [98ms]
2025-04-11 05:25:23.526 [info] > git ls-files --stage -- C:\Users\kabu_server\000_work\py3123\python3123\tests\test-1.spec.ts [105ms]
2025-04-11 05:25:23.903 [info] > git show --textconv :python3123/tests/test-1.spec.ts [369ms]
2025-04-11 05:25:25.539 [info] > git status -z -uall [2111ms]
2025-04-11 05:25:30.860 [info] > git for-each-ref --format=%(refname)%00%(upstream:short)%00%(objectname)%00%(upstream:track)%00%(upstream:remotename)%00%(upstream:remoteref) --ignore-case refs/heads/master refs/remotes/master [162ms]
2025-04-11 05:25:30.869 [info] > git config --get commit.template [177ms]
2025-04-11 05:25:33.411 [info] > git status -z -uall [2478ms]
2025-04-11 05:25:59.625 [info] > git config --get commit.template [155ms]
2025-04-11 05:25:59.641 [info] > git for-each-ref --format=%(refname)%00%(upstream:short)%00%(objectname)%00%(upstream:track)%00%(upstream:remotename)%00%(upstream:remoteref) --ignore-case refs/heads/master refs/remotes/master [159ms]
2025-04-11 05:26:00.374 [info] > git status -z -uall [724ms]
2025-04-11 05:26:05.553 [info] > git config --get commit.template [78ms]
2025-04-11 05:26:05.566 [info] > git for-each-ref --format=%(refname)%00%(upstream:short)%00%(objectname)%00%(upstream:track)%00%(upstream:remotename)%00%(upstream:remoteref) --ignore-case refs/heads/master refs/remotes/master [86ms]
2025-04-11 05:26:06.316 [info] > git status -z -uall [744ms]
2025-04-11 05:26:19.742 [info] > git config --get commit.template [197ms]
2025-04-11 05:26:19.745 [info] > git for-each-ref --format=%(refname)%00%(upstream:short)%00%(objectname)%00%(upstream:track)%00%(upstream:remotename)%00%(upstream:remoteref) --ignore-case refs/heads/master refs/remotes/master [182ms]
2025-04-11 05:26:19.782 [info] > git ls-files --stage -- C:\Users\kabu_server\000_work\py3123\python3123\tests\test-1.spec.ts [177ms]
2025-04-11 05:26:20.104 [info] > git show --textconv :python3123/tests/test-1.spec.ts [307ms]
2025-04-11 05:26:20.403 [info] > git status -z -uall [653ms]
2025-04-11 05:26:25.603 [info] > git config --get commit.template [105ms]
2025-04-11 05:26:25.622 [info] > git for-each-ref --format=%(refname)%00%(upstream:short)%00%(objectname)%00%(upstream:track)%00%(upstream:remotename)%00%(upstream:remoteref) --ignore-case refs/heads/master refs/remotes/master [109ms]
2025-04-11 05:26:26.419 [info] > git status -z -uall [791ms]
2025-04-11 05:26:33.510 [info] > git config --get commit.template [92ms]
2025-04-11 05:26:33.524 [info] > git for-each-ref --format=%(refname)%00%(upstream:short)%00%(objectname)%00%(upstream:track)%00%(upstream:remotename)%00%(upstream:remoteref) --ignore-case refs/heads/master refs/remotes/master [92ms]
2025-04-11 05:26:34.153 [info] > git status -z -uall [625ms]
2025-04-11 05:26:37.487 [info] > git merge-base refs/heads/master refs/remotes/origin/master [111ms]
2025-04-11 05:26:37.496 [info] > git merge-base refs/heads/main refs/remotes/origin/main [110ms]
2025-04-11 05:26:37.606 [info] > git -c core.longpaths=true rev-list --count --left-right refs/heads/master...refs/remotes/origin/master [111ms]
2025-04-11 05:26:37.613 [info] > git -c core.longpaths=true rev-list --count --left-right refs/heads/main...refs/remotes/origin/main [107ms]
2025-04-11 05:26:38.705 [info] > git check-ignore -v -z --stdin [184ms]
2025-04-11 05:26:39.942 [info] > git config --get commit.template [99ms]
2025-04-11 05:26:39.958 [info] > git for-each-ref --format=%(refname)%00%(upstream:short)%00%(objectname)%00%(upstream:track)%00%(upstream:remotename)%00%(upstream:remoteref) --ignore-case refs/heads/master refs/remotes/master [101ms]
2025-04-11 05:26:41.477 [info] > git status -z -uall [1512ms]
2025-04-11 05:26:42.467 [info] > git check-ignore -v -z --stdin [578ms]
2025-04-11 05:26:43.211 [info] > git check-ignore -v -z --stdin [245ms]
2025-04-11 05:26:45.572 [info] > git check-ignore -v -z --stdin [85ms]
2025-04-11 05:26:47.121 [info] > git check-ignore -v -z --stdin [1650ms]
2025-04-11 05:26:47.713 [info] > git config --get commit.template [94ms]
2025-04-11 05:26:47.733 [info] > git for-each-ref --format=%(refname)%00%(upstream:short)%00%(objectname)%00%(upstream:track)%00%(upstream:remotename)%00%(upstream:remoteref) --ignore-case refs/heads/master refs/remotes/master [109ms]
2025-04-11 05:26:48.718 [info] > git status -z -uall [978ms]
2025-04-11 05:26:53.898 [info] > git config --get commit.template [106ms]
2025-04-11 05:26:53.913 [info] > git for-each-ref --format=%(refname)%00%(upstream:short)%00%(objectname)%00%(upstream:track)%00%(upstream:remotename)%00%(upstream:remoteref) --ignore-case refs/heads/master refs/remotes/master [110ms]
2025-04-11 05:26:54.662 [info] > git status -z -uall [741ms]
2025-04-11 05:27:27.548 [info] > git config --get commit.template [94ms]
2025-04-11 05:27:27.556 [info] > git for-each-ref --format=%(refname)%00%(upstream:short)%00%(objectname)%00%(upstream:track)%00%(upstream:remotename)%00%(upstream:remoteref) --ignore-case refs/heads/master refs/remotes/master [88ms]
2025-04-11 05:27:28.234 [info] > git status -z -uall [673ms]
2025-04-11 05:27:40.090 [info] > git config --get commit.template [94ms]
2025-04-11 05:27:40.101 [info] > git for-each-ref --format=%(refname)%00%(upstream:short)%00%(objectname)%00%(upstream:track)%00%(upstream:remotename)%00%(upstream:remoteref) --ignore-case refs/heads/master refs/remotes/master [90ms]
2025-04-11 05:27:40.774 [info] > git status -z -uall [668ms]
2025-04-11 05:28:02.536 [info] > git config --get commit.template [90ms]
2025-04-11 05:28:02.552 [info] > git for-each-ref --format=%(refname)%00%(upstream:short)%00%(objectname)%00%(upstream:track)%00%(upstream:remotename)%00%(upstream:remoteref) --ignore-case refs/heads/master refs/remotes/master [93ms]
2025-04-11 05:28:03.221 [info] > git status -z -uall [664ms]
2025-04-11 05:30:12.320 [info] > git config --get commit.template [94ms]
2025-04-11 05:30:12.327 [info] > git for-each-ref --format=%(refname)%00%(upstream:short)%00%(objectname)%00%(upstream:track)%00%(upstream:remotename)%00%(upstream:remoteref) --ignore-case refs/heads/master refs/remotes/master [96ms]
2025-04-11 05:30:12.499 [info] > git ls-files --stage -- C:\Users\kabu_server\000_work\py3123\python3123\tests\test-1.spec.ts [179ms]
2025-04-11 05:30:12.848 [info] > git show --textconv :python3123/tests/test-1.spec.ts [343ms]
2025-04-11 05:30:13.131 [info] > git status -z -uall [797ms]
2025-04-11 05:30:18.497 [info] > git check-ignore -v -z --stdin [368ms]
2025-04-11 05:30:18.840 [info] > git show --textconv HEAD:diff_py3123/072d7ab7_METADATA [137ms]
2025-04-11 05:30:18.860 [info] > git ls-tree -l HEAD -- C:\Users\kabu_server\000_work\py3123\diff_py3123\072d7ab7_METADATA [147ms]
2025-04-11 05:30:19.587 [info] > git check-ignore -v -z --stdin [358ms]
2025-04-11 05:30:23.724 [info] > git config --get commit.template [117ms]
2025-04-11 05:30:23.770 [info] > git for-each-ref --format=%(refname)%00%(upstream:short)%00%(objectname)%00%(upstream:track)%00%(upstream:remotename)%00%(upstream:remoteref) --ignore-case refs/heads/master refs/remotes/master [157ms]
2025-04-11 05:30:24.902 [info] > git status -z -uall [1126ms]
2025-04-11 05:30:26.906 [info] > git check-ignore -v -z --stdin [434ms]
2025-04-11 05:30:28.671 [info] > git show --textconv HEAD:.gitignore [128ms]
2025-04-11 05:30:28.685 [info] > git ls-tree -l HEAD -- C:\Users\kabu_server\000_work\py3123\.gitignore [134ms]
2025-04-11 05:30:30.262 [info] > git config --get commit.template [89ms]
2025-04-11 05:30:30.274 [info] > git for-each-ref --format=%(refname)%00%(upstream:short)%00%(objectname)%00%(upstream:track)%00%(upstream:remotename)%00%(upstream:remoteref) --ignore-case refs/heads/master refs/remotes/master [95ms]
2025-04-11 05:30:31.092 [info] > git status -z -uall [814ms]
2025-04-11 05:30:36.248 [info] > git config --get commit.template [82ms]
2025-04-11 05:30:36.259 [info] > git for-each-ref --format=%(refname)%00%(upstream:short)%00%(objectname)%00%(upstream:track)%00%(upstream:remotename)%00%(upstream:remoteref) --ignore-case refs/heads/master refs/remotes/master [87ms]
2025-04-11 05:30:37.060 [info] > git status -z -uall [796ms]
2025-04-11 05:30:38.017 [info] > git add -A -- C:\Users\kabu_server\000_work\py3123\.gitignore [194ms]
2025-04-11 05:30:38.096 [info] > git config --get commit.template [71ms]
2025-04-11 05:30:38.107 [info] > git for-each-ref --format=%(refname)%00%(upstream:short)%00%(objectname)%00%(upstream:track)%00%(upstream:remotename)%00%(upstream:remoteref) --ignore-case refs/heads/master refs/remotes/master [78ms]
2025-04-11 05:30:38.818 [info] > git status -z -uall [706ms]
2025-04-11 05:30:39.451 [info] > git ls-files --stage -- C:\Users\kabu_server\000_work\py3123\.gitignore [111ms]
2025-04-11 05:30:39.604 [info] > git cat-file -s 211d83ff96da38dbfd467651b46f5a7984376297 [146ms]
2025-04-11 05:30:39.706 [info] > git show --textconv :.gitignore [94ms]
2025-04-11 05:30:42.248 [info] > git config --get commit.template [103ms]
2025-04-11 05:30:42.257 [info] > git for-each-ref --format=%(refname)%00%(upstream:short)%00%(objectname)%00%(upstream:track)%00%(upstream:remotename)%00%(upstream:remoteref) --ignore-case refs/heads/master refs/remotes/master [97ms]
2025-04-11 05:30:42.989 [info] > git status -z -uall [727ms]
2025-04-11 05:30:50.439 [info] > git ls-files --stage -- C:\Users\kabu_server\000_work\py3123\.gitignore [98ms]
2025-04-11 05:30:50.515 [info] > git cat-file -s 211d83ff96da38dbfd467651b46f5a7984376297 [72ms]
2025-04-11 05:30:50.612 [info] > git show --textconv :.gitignore [89ms]
2025-04-11 05:30:51.215 [info] > git -c user.useConfigOnly=true commit --quiet --allow-empty-message --file - [3009ms]
2025-04-11 05:30:51.288 [info] > git config --get commit.template [66ms]
2025-04-11 05:30:51.401 [info] > git config --get commit.template [101ms]
2025-04-11 05:30:51.423 [info] > git for-each-ref --format=%(refname)%00%(upstream:short)%00%(objectname)%00%(upstream:track)%00%(upstream:remotename)%00%(upstream:remoteref) --ignore-case refs/heads/master refs/remotes/master [118ms]
2025-04-11 05:30:52.322 [info] > git status -z -uall [892ms]
2025-04-11 05:30:52.737 [info] > git merge-base refs/heads/master refs/remotes/origin/master [320ms]
2025-04-11 05:30:52.770 [info] > git merge-base refs/heads/master refs/remotes/origin/master [433ms]
2025-04-11 05:30:53.002 [info] > git -c core.longpaths=true rev-list --count --left-right refs/heads/master...refs/remotes/origin/master [225ms]
2025-04-11 05:30:53.028 [info] > git config --get commit.template [237ms]
2025-04-11 05:30:53.033 [info] > git -c core.longpaths=true rev-list --count --left-right refs/heads/master...refs/remotes/origin/master [262ms]
2025-04-11 05:30:53.044 [info] > git for-each-ref --format=%(refname)%00%(upstream:short)%00%(objectname)%00%(upstream:track)%00%(upstream:remotename)%00%(upstream:remoteref) --ignore-case refs/heads/master refs/remotes/master [205ms]
2025-04-11 05:30:53.154 [info] > git diff --name-status -z --diff-filter=ADMR 3822ec16c6f994bf7e92c78d5ef1b93a207e03b1...refs/remotes/origin/master [130ms]
2025-04-11 05:30:53.844 [info] > git status -z -uall [794ms]
2025-04-11 05:30:55.950 [info] > git ls-tree -l HEAD -- C:\Users\kabu_server\000_work\py3123\.gitignore [182ms]
2025-04-11 05:30:55.997 [info] > git log --oneline --cherry master...master@{upstream} -- [207ms]
2025-04-11 05:30:56.026 [info] > git for-each-ref --format=%(refname)%00%(upstream:short)%00%(objectname)%00%(upstream:track)%00%(upstream:remotename)%00%(upstream:remoteref) --ignore-case refs/heads/master refs/remotes/master [230ms]
2025-04-11 05:30:56.026 [info] > git config --get commit.template [251ms]
2025-04-11 05:30:56.917 [info] > git status -z -uall [885ms]
2025-04-11 05:30:57.611 [info] > git ls-tree -l HEAD -- C:\Users\kabu_server\000_work\py3123\.gitignore [79ms]
2025-04-11 05:30:57.681 [info] > git pull --tags origin master [1678ms]
2025-04-11 05:30:57.681 [info] From https://github.com/nyanko111777/py3123
 * branch                master     -> FETCH_HEAD
2025-04-11 05:30:57.701 [info] > git show --textconv HEAD:.gitignore [83ms]
2025-04-11 05:30:58.985 [info] > git ls-tree -l HEAD -- C:\Users\kabu_server\000_work\py3123\.gitignore [73ms]
2025-04-11 05:30:59.068 [info] > git show --textconv HEAD:.gitignore [77ms]
2025-04-11 05:31:15.335 [info] > git push origin master:master [17647ms]
2025-04-11 05:31:15.335 [info] remote: warning: See https://gh.io/lfs for more information.        
remote: warning: File node-v22.14.0-win-x64/node.exe is 79.48 MB; this is larger than GitHub's recommended maximum file size of 50.00 MB        
remote: warning: GH001: Large files detected. You may want to try Git Large File Storage - https://git-lfs.github.com.        
To https://github.com/nyanko111777/py3123.git
   3822ec16c..d543f0a7c  master -> master
2025-04-11 05:31:15.446 [info] > git config --get commit.template [105ms]
2025-04-11 05:31:15.457 [info] > git for-each-ref --format=%(refname)%00%(upstream:short)%00%(objectname)%00%(upstream:track)%00%(upstream:remotename)%00%(upstream:remoteref) --ignore-case refs/heads/master refs/remotes/master [111ms]
2025-04-11 05:31:16.205 [info] > git status -z -uall [740ms]
2025-04-11 05:31:16.552 [info] > git merge-base refs/heads/master refs/remotes/origin/master [238ms]
2025-04-11 05:31:16.558 [info] > git merge-base refs/heads/master refs/remotes/origin/master [332ms]
2025-04-11 05:31:16.644 [info] > git -c core.longpaths=true rev-list --count --left-right refs/heads/master...refs/remotes/origin/master [86ms]
2025-04-11 05:31:16.651 [info] > git -c core.longpaths=true rev-list --count --left-right refs/heads/master...refs/remotes/origin/master [87ms]
2025-04-11 05:31:16.703 [info] > git ls-tree -l HEAD -- C:\Users\kabu_server\000_work\py3123\.gitignore [98ms]
2025-04-11 05:31:16.750 [info] > git diff --name-status -z --diff-filter=ADMR d543f0a7cddf02b2297fb9d9276657da581449f5...refs/remotes/origin/master [90ms]
2025-04-11 05:31:16.918 [info] > git show --textconv HEAD:.gitignore [78ms]
2025-04-11 05:31:17.720 [info] > git config --get commit.template [99ms]
2025-04-11 05:31:17.731 [info] > git for-each-ref --format=%(refname)%00%(upstream:short)%00%(objectname)%00%(upstream:track)%00%(upstream:remotename)%00%(upstream:remoteref) --ignore-case refs/heads/master refs/remotes/master [99ms]
2025-04-11 05:31:18.454 [info] > git status -z -uall [718ms]
2025-04-11 05:31:23.628 [info] > git config --get commit.template [83ms]
2025-04-11 05:31:23.642 [info] > git for-each-ref --format=%(refname)%00%(upstream:short)%00%(objectname)%00%(upstream:track)%00%(upstream:remotename)%00%(upstream:remoteref) --ignore-case refs/heads/master refs/remotes/master [91ms]
2025-04-11 05:31:24.372 [info] > git status -z -uall [725ms]
2025-04-11 05:31:29.613 [info] > git config --get commit.template [182ms]
2025-04-11 05:31:29.616 [info] > git for-each-ref --format=%(refname)%00%(upstream:short)%00%(objectname)%00%(upstream:track)%00%(upstream:remotename)%00%(upstream:remoteref) --ignore-case refs/heads/master refs/remotes/master [179ms]
2025-04-11 05:31:30.379 [info] > git status -z -uall [756ms]
2025-04-11 05:31:35.534 [info] > git config --get commit.template [86ms]
2025-04-11 05:31:35.555 [info] > git for-each-ref --format=%(refname)%00%(upstream:short)%00%(objectname)%00%(upstream:track)%00%(upstream:remotename)%00%(upstream:remoteref) --ignore-case refs/heads/master refs/remotes/master [103ms]
2025-04-11 05:31:36.440 [info] > git status -z -uall [878ms]
2025-04-11 05:31:52.781 [info] > git config --get commit.template [94ms]
2025-04-11 05:31:52.792 [info] > git for-each-ref --format=%(refname)%00%(upstream:short)%00%(objectname)%00%(upstream:track)%00%(upstream:remotename)%00%(upstream:remoteref) --ignore-case refs/heads/master refs/remotes/master [91ms]
2025-04-11 05:31:53.462 [info] > git status -z -uall [665ms]
2025-04-11 05:31:59.834 [info] > git config --get commit.template [94ms]
2025-04-11 05:31:59.840 [info] > git for-each-ref --format=%(refname)%00%(upstream:short)%00%(objectname)%00%(upstream:track)%00%(upstream:remotename)%00%(upstream:remoteref) --ignore-case refs/heads/master refs/remotes/master [86ms]
2025-04-11 05:32:00.531 [info] > git status -z -uall [686ms]
