0 verbose cli C:\Users\kabu_server\000_work\py3123\node-v22.14.0-win-x64\node.exe C:\Users\kabu_server\000_work\py3123\node-v22.14.0-win-x64\node_modules\npm\bin\npm-cli.js
1 info using npm@11.2.0
2 info using node@v22.14.0
3 silly config load:file:C:\Users\kabu_server\000_work\py3123\node-v22.14.0-win-x64\node_modules\npm\npmrc
4 silly config load:file:C:\Users\kabu_server\000_work\py3123\_local_env\_tmp\tmp5hknqek0\.npmrc
5 silly config load:file:C:\Users\kabu_server\000_work\py3123\_local_env\userprofile\.npmrc
6 silly config load:file:C:\Users\kabu_server\000_work\py3123\node-v22.14.0-win-x64\etc\npmrc
7 verbose title npm pack @jupyter-widgets/jupyterlab-manager
8 verbose argv "pack" "@jupyter-widgets/jupyterlab-manager"
9 verbose logfile logs-max:10 dir:C:\Users\kabu_server\000_work\py3123\_local_env\localappdata\npm-cache\_logs\2025-04-02T21_05_17_648Z-
10 verbose logfile C:\Users\kabu_server\000_work\py3123\_local_env\localappdata\npm-cache\_logs\2025-04-02T21_05_17_648Z-debug-0.log
11 silly logfile done cleaning log files
12 http fetch GET 200 https://registry.npmjs.org/@jupyter-widgets%2fjupyterlab-manager 1796ms (cache miss)
13 http cache https://registry.npmjs.org/@jupyter-widgets%2fjupyterlab-manager 22ms (cache hit)
14 http cache https://registry.npmjs.org/@jupyter-widgets/jupyterlab-manager/-/jupyterlab-manager-5.0.13.tgz 0ms (cache hit)
15 silly tarball no local data for https://registry.npmjs.org/@jupyter-widgets/jupyterlab-manager/-/jupyterlab-manager-5.0.13.tgz. Extracting by manifest.
16 http fetch GET 200 https://registry.npmjs.org/@jupyter-widgets/jupyterlab-manager/-/jupyterlab-manager-5.0.13.tgz 491ms (cache miss)
17 notice
18 notice package: @jupyter-widgets/jupyterlab-manager@5.0.13
19 notice Tarball Contents
20 notice 13.8kB LICENSE
20 notice 2.7kB README.md
20 notice 352B lib/index.d.ts
20 notice 453B lib/index.js
20 notice 400B lib/index.js.map
20 notice 6.6kB lib/manager.d.ts
20 notice 15.2kB lib/manager.js
20 notice 10.3kB lib/manager.js.map
20 notice 1.4kB lib/output.d.ts
20 notice 4.7kB lib/output.js
20 notice 4.0kB lib/output.js.map
20 notice 1.8kB lib/plugin.d.ts
20 notice 15.0kB lib/plugin.js
20 notice 11.6kB lib/plugin.js.map
20 notice 854B lib/renderer.d.ts
20 notice 3.2kB lib/renderer.js
20 notice 2.4kB lib/renderer.js.map
20 notice 322B lib/semvercache.d.ts
20 notice 1.1kB lib/semvercache.js
20 notice 1.1kB lib/semvercache.js.map
20 notice 3.5kB package.json
20 notice 375B schema/plugin.json
21 notice Tarball Details
22 notice name: @jupyter-widgets/jupyterlab-manager
23 notice version: 5.0.13
24 notice filename: jupyter-widgets-jupyterlab-manager-5.0.13.tgz
25 notice package size: 23.4 kB
26 notice unpacked size: 101.2 kB
27 notice shasum: 6c8d0df130079d7c1ca76c62e629c27585114085
28 notice integrity: sha512-P/1gPjtOkpNGg[...]jnH+GXMFpseDg==
29 notice total files: 22
30 notice
31 verbose cwd C:\Users\kabu_server\000_work\py3123\_local_env\_tmp\tmp5hknqek0
32 verbose os Windows_NT 10.0.26100
33 verbose node v22.14.0
34 verbose npm  v11.2.0
35 verbose exit 0
36 info ok
