0 verbose cli C:\Users\kabu_server\000_work\py3123\node-v22.14.0-win-x64\node.exe C:\Users\kabu_server\000_work\py3123\node-v22.14.0-win-x64\node_modules\npm\bin\npm-cli.js
1 info using npm@11.2.0
2 info using node@v22.14.0
3 silly config load:file:C:\Users\kabu_server\000_work\py3123\node-v22.14.0-win-x64\node_modules\npm\npmrc
4 silly config load:file:C:\Users\kabu_server\000_work\py3123\_local_env\_tmp\tmpri_4ughh\.npmrc
5 silly config load:file:C:\Users\kabu_server\000_work\py3123\_local_env\userprofile\.npmrc
6 silly config load:file:C:\Users\kabu_server\000_work\py3123\node-v22.14.0-win-x64\etc\npmrc
7 verbose title npm pack @jupyterlab/toc@6.3.6
8 verbose argv "pack" "@jupyterlab/toc@6.3.6"
9 verbose logfile logs-max:10 dir:C:\Users\kabu_server\000_work\py3123\_local_env\localappdata\npm-cache\_logs\2025-04-02T20_40_34_066Z-
10 verbose logfile C:\Users\kabu_server\000_work\py3123\_local_env\localappdata\npm-cache\_logs\2025-04-02T20_40_34_066Z-debug-0.log
11 silly logfile done cleaning log files
12 http cache https://registry.npmjs.org/@jupyterlab%2ftoc 27ms (cache hit)
13 http cache https://registry.npmjs.org/@jupyterlab%2ftoc 11ms (cache hit)
14 http cache https://registry.npmjs.org/@jupyterlab/toc/-/toc-6.3.6.tgz 0ms (cache hit)
15 notice
16 notice package: @jupyterlab/toc@6.3.6
17 notice Tarball Contents
18 notice 95B README.md
18 notice 1.6kB lib/factory.d.ts
18 notice 2.2kB lib/factory.js
18 notice 1.6kB lib/factory.js.map
18 notice 337B lib/index.d.ts
18 notice 496B lib/index.js
18 notice 378B lib/index.js.map
18 notice 4.4kB lib/model.d.ts
18 notice 7.3kB lib/model.js
18 notice 4.6kB lib/model.js.map
18 notice 770B lib/panel.d.ts
18 notice 3.0kB lib/panel.js
18 notice 2.4kB lib/panel.js.map
18 notice 981B lib/registry.d.ts
18 notice 1.3kB lib/registry.js
18 notice 794B lib/registry.js.map
18 notice 888B lib/tocitem.d.ts
18 notice 2.1kB lib/tocitem.js
18 notice 1.4kB lib/tocitem.js.map
18 notice 1.0kB lib/toctree.d.ts
18 notice 2.2kB lib/toctree.js
18 notice 1.9kB lib/toctree.js.map
18 notice 7.6kB lib/tokens.d.ts
18 notice 986B lib/tokens.js
18 notice 615B lib/tokens.js.map
18 notice 758B lib/tracker.d.ts
18 notice 820B lib/tracker.js
18 notice 557B lib/tracker.js.map
18 notice 723B lib/treeview.d.ts
18 notice 1.7kB lib/treeview.js
18 notice 1.2kB lib/treeview.js.map
18 notice 2.3kB lib/utils/common.d.ts
18 notice 5.6kB lib/utils/common.js
18 notice 3.7kB lib/utils/common.js.map
18 notice 66B lib/utils/index.d.ts
18 notice 202B lib/utils/index.js
18 notice 192B lib/utils/index.js.map
18 notice 1.3kB lib/utils/markdown.d.ts
18 notice 6.7kB lib/utils/markdown.js
18 notice 4.2kB lib/utils/markdown.js.map
18 notice 2.1kB package.json
18 notice 2.9kB src/factory.ts
18 notice 464B src/index.ts
18 notice 8.1kB src/model.ts
18 notice 2.9kB src/panel.ts
18 notice 1.5kB src/registry.ts
18 notice 2.6kB src/tocitem.tsx
18 notice 2.9kB src/toctree.tsx
18 notice 7.4kB src/tokens.ts
18 notice 1.1kB src/tracker.ts
18 notice 1.8kB src/treeview.tsx
18 notice 5.5kB src/utils/common.ts
18 notice 170B src/utils/index.ts
18 notice 7.0kB src/utils/markdown.ts
18 notice 1.4kB style/base.css
18 notice 644B style/index.css
18 notice 599B style/index.js
19 notice Tarball Details
20 notice name: @jupyterlab/toc
21 notice version: 6.3.6
22 notice filename: jupyterlab-toc-6.3.6.tgz
23 notice package size: 29.4 kB
24 notice unpacked size: 130.0 kB
25 notice shasum: 1d5136daecb7c7e5f07a2020e4037fb9a4909ae2
26 notice integrity: sha512-97RbFdEcKo7vp[...]s41TmfKEADAfg==
27 notice total files: 57
28 notice
29 verbose cwd C:\Users\kabu_server\000_work\py3123\_local_env\_tmp\tmpri_4ughh
30 verbose os Windows_NT 10.0.26100
31 verbose node v22.14.0
32 verbose npm  v11.2.0
33 verbose exit 0
34 info ok
