0 verbose cli C:\Users\kabu_server\000_work\py3123\node-v22.14.0-win-x64\node.exe C:\Users\kabu_server\000_work\py3123\node-v22.14.0-win-x64\node_modules\npm\bin\npm-cli.js
1 info using npm@11.2.0
2 info using node@v22.14.0
3 silly config load:file:C:\Users\kabu_server\000_work\py3123\node-v22.14.0-win-x64\node_modules\npm\npmrc
4 silly config load:file:C:\Users\kabu_server\000_work\py3123\_local_env\_tmp\tmpi45u_0i7\.npmrc
5 silly config load:file:C:\Users\kabu_server\000_work\py3123\_local_env\userprofile\.npmrc
6 silly config load:file:C:\Users\kabu_server\000_work\py3123\node-v22.14.0-win-x64\etc\npmrc
7 verbose title npm pack @jupyterlab/toc
8 verbose argv "pack" "@jupyterlab/toc"
9 verbose logfile logs-max:10 dir:C:\Users\kabu_server\000_work\py3123\_local_env\localappdata\npm-cache\_logs\2025-04-02T20_40_17_276Z-
10 verbose logfile C:\Users\kabu_server\000_work\py3123\_local_env\localappdata\npm-cache\_logs\2025-04-02T20_40_17_276Z-debug-0.log
11 silly logfile done cleaning log files
12 http fetch GET 200 https://registry.npmjs.org/@jupyterlab%2ftoc 2328ms (cache miss)
13 http cache https://registry.npmjs.org/@jupyterlab%2ftoc 20ms (cache hit)
14 http cache https://registry.npmjs.org/@jupyterlab/toc/-/toc-6.3.6.tgz 0ms (cache hit)
15 silly tarball no local data for https://registry.npmjs.org/@jupyterlab/toc/-/toc-6.3.6.tgz. Extracting by manifest.
16 http fetch GET 200 https://registry.npmjs.org/@jupyterlab/toc/-/toc-6.3.6.tgz 479ms (cache miss)
17 notice
18 notice package: @jupyterlab/toc@6.3.6
19 notice Tarball Contents
20 notice 95B README.md
20 notice 1.6kB lib/factory.d.ts
20 notice 2.2kB lib/factory.js
20 notice 1.6kB lib/factory.js.map
20 notice 337B lib/index.d.ts
20 notice 496B lib/index.js
20 notice 378B lib/index.js.map
20 notice 4.4kB lib/model.d.ts
20 notice 7.3kB lib/model.js
20 notice 4.6kB lib/model.js.map
20 notice 770B lib/panel.d.ts
20 notice 3.0kB lib/panel.js
20 notice 2.4kB lib/panel.js.map
20 notice 981B lib/registry.d.ts
20 notice 1.3kB lib/registry.js
20 notice 794B lib/registry.js.map
20 notice 888B lib/tocitem.d.ts
20 notice 2.1kB lib/tocitem.js
20 notice 1.4kB lib/tocitem.js.map
20 notice 1.0kB lib/toctree.d.ts
20 notice 2.2kB lib/toctree.js
20 notice 1.9kB lib/toctree.js.map
20 notice 7.6kB lib/tokens.d.ts
20 notice 986B lib/tokens.js
20 notice 615B lib/tokens.js.map
20 notice 758B lib/tracker.d.ts
20 notice 820B lib/tracker.js
20 notice 557B lib/tracker.js.map
20 notice 723B lib/treeview.d.ts
20 notice 1.7kB lib/treeview.js
20 notice 1.2kB lib/treeview.js.map
20 notice 2.3kB lib/utils/common.d.ts
20 notice 5.6kB lib/utils/common.js
20 notice 3.7kB lib/utils/common.js.map
20 notice 66B lib/utils/index.d.ts
20 notice 202B lib/utils/index.js
20 notice 192B lib/utils/index.js.map
20 notice 1.3kB lib/utils/markdown.d.ts
20 notice 6.7kB lib/utils/markdown.js
20 notice 4.2kB lib/utils/markdown.js.map
20 notice 2.1kB package.json
20 notice 2.9kB src/factory.ts
20 notice 464B src/index.ts
20 notice 8.1kB src/model.ts
20 notice 2.9kB src/panel.ts
20 notice 1.5kB src/registry.ts
20 notice 2.6kB src/tocitem.tsx
20 notice 2.9kB src/toctree.tsx
20 notice 7.4kB src/tokens.ts
20 notice 1.1kB src/tracker.ts
20 notice 1.8kB src/treeview.tsx
20 notice 5.5kB src/utils/common.ts
20 notice 170B src/utils/index.ts
20 notice 7.0kB src/utils/markdown.ts
20 notice 1.4kB style/base.css
20 notice 644B style/index.css
20 notice 599B style/index.js
21 notice Tarball Details
22 notice name: @jupyterlab/toc
23 notice version: 6.3.6
24 notice filename: jupyterlab-toc-6.3.6.tgz
25 notice package size: 29.4 kB
26 notice unpacked size: 130.0 kB
27 notice shasum: 1d5136daecb7c7e5f07a2020e4037fb9a4909ae2
28 notice integrity: sha512-97RbFdEcKo7vp[...]s41TmfKEADAfg==
29 notice total files: 57
30 notice
31 verbose cwd C:\Users\kabu_server\000_work\py3123\_local_env\_tmp\tmpi45u_0i7
32 verbose os Windows_NT 10.0.26100
33 verbose node v22.14.0
34 verbose npm  v11.2.0
35 verbose exit 0
36 info ok
