0 verbose cli C:\Users\kabu_server\000_work\py3123\node-v22.14.0-win-x64\node.exe C:\Users\kabu_server\000_work\py3123\node-v22.14.0-win-x64\node_modules\npm\bin\npm-cli.js
1 info using npm@10.9.2
2 info using node@v22.14.0
3 silly config load:file:C:\Users\kabu_server\000_work\py3123\node-v22.14.0-win-x64\node_modules\npm\npmrc
4 silly config load:file:C:\Users\kabu_server\000_work\py3123\_local_env\userprofile\.npmrc
5 silly config load:file:C:\Users\kabu_server\000_work\py3123\node-v22.14.0-win-x64\etc\npmrc
6 verbose title npm install npm@11.2.0
7 verbose argv "install" "--global" "npm@11.2.0"
8 verbose logfile logs-max:10 dir:C:\Users\kabu_server\000_work\py3123\_local_env\localappdata\npm-cache\_logs\2025-03-25T09_37_56_633Z-
9 verbose logfile C:\Users\kabu_server\000_work\py3123\_local_env\localappdata\npm-cache\_logs\2025-03-25T09_37_56_633Z-debug-0.log
10 silly logfile done cleaning log files
11 http fetch GET 200 https://registry.npmjs.org/npm 257ms (cache miss)
12 silly packumentCache heap:4345298944 maxSize:1086324736 maxEntrySize:543162368
13 silly idealTree buildDeps
14 silly fetch manifest npm@11.2.0
15 silly packumentCache full:https://registry.npmjs.org/npm cache-miss
16 http fetch GET 200 https://registry.npmjs.org/npm 868ms (cache miss)
17 silly packumentCache full:https://registry.npmjs.org/npm set size:undefined disposed:false
18 silly placeDep ROOT npm@11.2.0 OK for:  want: 11.2.0
19 silly reify mark retired [
19 silly reify   'C:\\Users\\kabu_server\\000_work\\py3123\\node-v22.14.0-win-x64\\node_modules\\npm',
19 silly reify   'C:\\Users\\kabu_server\\000_work\\py3123\\node-v22.14.0-win-x64\\npm',
19 silly reify   'C:\\Users\\kabu_server\\000_work\\py3123\\node-v22.14.0-win-x64\\npm.cmd',
19 silly reify   'C:\\Users\\kabu_server\\000_work\\py3123\\node-v22.14.0-win-x64\\npm.ps1',
19 silly reify   'C:\\Users\\kabu_server\\000_work\\py3123\\node-v22.14.0-win-x64\\npx',
19 silly reify   'C:\\Users\\kabu_server\\000_work\\py3123\\node-v22.14.0-win-x64\\npx.cmd',
19 silly reify   'C:\\Users\\kabu_server\\000_work\\py3123\\node-v22.14.0-win-x64\\npx.ps1'
19 silly reify ]
20 silly reify moves {
20 silly reify   'C:\\Users\\kabu_server\\000_work\\py3123\\node-v22.14.0-win-x64\\node_modules\\npm': 'C:\\Users\\kabu_server\\000_work\\py3123\\node-v22.14.0-win-x64\\node_modules\\.npm-DMv9tFX1',
20 silly reify   'C:\\Users\\kabu_server\\000_work\\py3123\\node-v22.14.0-win-x64\\npm': 'C:\\Users\\kabu_server\\000_work\\py3123\\node-v22.14.0-win-x64\\.npm-RQmOAysj',
20 silly reify   'C:\\Users\\kabu_server\\000_work\\py3123\\node-v22.14.0-win-x64\\npm.cmd': 'C:\\Users\\kabu_server\\000_work\\py3123\\node-v22.14.0-win-x64\\.npm.cmd-cz8782IM',
20 silly reify   'C:\\Users\\kabu_server\\000_work\\py3123\\node-v22.14.0-win-x64\\npm.ps1': 'C:\\Users\\kabu_server\\000_work\\py3123\\node-v22.14.0-win-x64\\.npm.ps1-uGN3vkPU',
20 silly reify   'C:\\Users\\kabu_server\\000_work\\py3123\\node-v22.14.0-win-x64\\npx': 'C:\\Users\\kabu_server\\000_work\\py3123\\node-v22.14.0-win-x64\\.npx-6LwThBl7',
20 silly reify   'C:\\Users\\kabu_server\\000_work\\py3123\\node-v22.14.0-win-x64\\npx.cmd': 'C:\\Users\\kabu_server\\000_work\\py3123\\node-v22.14.0-win-x64\\.npx.cmd-7w13BIsi',
20 silly reify   'C:\\Users\\kabu_server\\000_work\\py3123\\node-v22.14.0-win-x64\\npx.ps1': 'C:\\Users\\kabu_server\\000_work\\py3123\\node-v22.14.0-win-x64\\.npx.ps1-wdQZm0BV'
20 silly reify }
21 http cache npm@https://registry.npmjs.org/npm/-/npm-11.2.0.tgz 1ms (cache hit)
22 silly tarball no local data for npm@https://registry.npmjs.org/npm/-/npm-11.2.0.tgz. Extracting by manifest.
23 http fetch GET 200 https://registry.npmjs.org/npm/-/npm-11.2.0.tgz 5982ms (cache miss)
24 silly CHANGE node_modules/npm
25 silly CHANGE node_modules/npm/node_modules/@sigstore/tuf
26 silly CHANGE node_modules/npm/node_modules/@sigstore/protobuf-specs
27 silly CHANGE node_modules/npm/node_modules/@npmcli/redact
28 silly CHANGE node_modules/npm/node_modules/@npmcli/package-json
29 silly CHANGE node_modules/npm/node_modules/@npmcli/metavuln-calculator
30 silly REMOVE node_modules/npm/node_modules/@npmcli/metavuln-calculator/node_modules/pacote
31 silly CHANGE node_modules/npm/node_modules/@npmcli/installed-package-contents
32 silly CHANGE node_modules/npm/node_modules/@npmcli/git
33 silly CHANGE node_modules/npm/node_modules/@npmcli/config
34 silly CHANGE node_modules/npm/node_modules/@npmcli/arborist
35 silly CHANGE node_modules/npm/node_modules/which
36 silly CHANGE node_modules/npm/node_modules/walk-up-path
37 silly REMOVE node_modules/npm/node_modules/tuf-js/node_modules/@tufjs/models
38 silly CHANGE node_modules/npm/node_modules/supports-color
39 silly CHANGE node_modules/npm/node_modules/spdx-license-ids
40 silly CHANGE node_modules/npm/node_modules/socks-proxy-agent
41 silly CHANGE node_modules/npm/node_modules/socks
42 silly CHANGE node_modules/npm/node_modules/sigstore
43 silly REMOVE node_modules/npm/node_modules/sigstore/node_modules/@sigstore/verify
44 silly REMOVE node_modules/npm/node_modules/sigstore/node_modules/@sigstore/sign
45 silly REMOVE node_modules/npm/node_modules/sigstore/node_modules/@sigstore/bundle
46 silly REMOVE node_modules/npm/node_modules/sigstore/node_modules/@sigstore/core
47 silly CHANGE node_modules/npm/node_modules/semver
48 silly CHANGE node_modules/npm/node_modules/rimraf
49 silly CHANGE node_modules/npm/node_modules/read
50 silly CHANGE node_modules/npm/node_modules/qrcode-terminal
51 silly REMOVE node_modules/npm/node_modules/promise-inflight
52 silly CHANGE node_modules/npm/node_modules/pacote
53 silly CHANGE node_modules/npm/node_modules/p-map
54 silly CHANGE node_modules/npm/node_modules/npm-packlist
55 silly CHANGE node_modules/npm/node_modules/npm-package-arg
56 silly CHANGE node_modules/npm/node_modules/nopt
57 silly REMOVE node_modules/npm/node_modules/nopt/node_modules/abbrev
58 silly CHANGE node_modules/npm/node_modules/node-gyp
59 silly CHANGE node_modules/npm/node_modules/node-gyp/node_modules/mkdirp
60 silly CHANGE node_modules/npm/node_modules/mkdirp
61 silly CHANGE node_modules/npm/node_modules/libnpmversion
62 silly CHANGE node_modules/npm/node_modules/libnpmsearch
63 silly CHANGE node_modules/npm/node_modules/libnpmteam
64 silly CHANGE node_modules/npm/node_modules/libnpmpack
65 silly CHANGE node_modules/npm/node_modules/libnpmpublish
66 silly CHANGE node_modules/npm/node_modules/libnpmorg
67 silly CHANGE node_modules/npm/node_modules/libnpmfund
68 silly REMOVE node_modules/npm/node_modules/libnpmhook
69 silly CHANGE node_modules/npm/node_modules/libnpmdiff
70 silly CHANGE node_modules/npm/node_modules/libnpmexec
71 silly CHANGE node_modules/npm/node_modules/libnpmaccess
72 silly CHANGE node_modules/npm/node_modules/is-cidr
73 silly CHANGE node_modules/npm/node_modules/init-package-json
74 silly REMOVE node_modules/npm/node_modules/indent-string
75 silly CHANGE node_modules/npm/node_modules/https-proxy-agent
76 silly CHANGE node_modules/npm/node_modules/glob
77 silly CHANGE node_modules/npm/node_modules/foreground-child
78 silly CHANGE node_modules/npm/node_modules/exponential-backoff
79 silly CHANGE node_modules/npm/node_modules/diff
80 silly CHANGE node_modules/npm/node_modules/debug
81 silly CHANGE node_modules/npm/node_modules/cssesc
82 silly CHANGE node_modules/npm/node_modules/cross-spawn/node_modules/which
83 silly REMOVE node_modules/npm/node_modules/clean-stack
84 silly CHANGE node_modules/npm/node_modules/cidr-regex
85 silly CHANGE node_modules/npm/node_modules/chalk
86 silly REMOVE node_modules/npm/node_modules/cacache/node_modules/p-map
87 silly CHANGE node_modules/npm/node_modules/cacache/node_modules/mkdirp
88 silly CHANGE node_modules/npm/node_modules/binary-extensions
89 silly REMOVE node_modules/npm/node_modules/aggregate-error
90 silly CHANGE node_modules/npm/node_modules/agent-base
91 verbose cwd C:\Users\kabu_server\000_work\py3123\python3123
92 verbose os Windows_NT 10.0.26100
93 verbose node v22.14.0
94 verbose npm  v10.9.2
95 verbose exit 0
96 info ok
