0 verbose cli C:\Users\kabu_server\000_work\py3123\node-v22.14.0-win-x64\node.exe C:\Users\kabu_server\000_work\py3123\node-v22.14.0-win-x64\node_modules\npm\bin\npm-cli.js
1 info using npm@11.2.0
2 info using node@v22.14.0
3 silly config load:file:C:\Users\kabu_server\000_work\py3123\node-v22.14.0-win-x64\node_modules\npm\npmrc
4 silly config load:file:C:\Users\kabu_server\000_work\py3123\_local_env\_tmp\tmp17alzf2v\.npmrc
5 silly config load:file:C:\Users\kabu_server\000_work\py3123\_local_env\userprofile\.npmrc
6 silly config load:file:C:\Users\kabu_server\000_work\py3123\node-v22.14.0-win-x64\etc\npmrc
7 verbose title npm pack @jupyterlab/git
8 verbose argv "pack" "@jupyterlab/git"
9 verbose logfile logs-max:10 dir:C:\Users\kabu_server\000_work\py3123\_local_env\localappdata\npm-cache\_logs\2025-04-02T20_52_49_874Z-
10 verbose logfile C:\Users\kabu_server\000_work\py3123\_local_env\localappdata\npm-cache\_logs\2025-04-02T20_52_49_874Z-debug-0.log
11 silly logfile done cleaning log files
12 http fetch GET 200 https://registry.npmjs.org/@jupyterlab%2fgit 1501ms (cache miss)
13 http cache https://registry.npmjs.org/@jupyterlab%2fgit 19ms (cache hit)
14 http cache https://registry.npmjs.org/@jupyterlab/git/-/git-0.51.0.tgz 0ms (cache hit)
15 silly tarball no local data for https://registry.npmjs.org/@jupyterlab/git/-/git-0.51.0.tgz. Extracting by manifest.
16 http fetch GET 200 https://registry.npmjs.org/@jupyterlab/git/-/git-0.51.0.tgz 1509ms (cache miss)
17 notice
18 notice package: @jupyterlab/git@0.51.0
19 notice Tarball Contents
20 notice 1.5kB LICENSE
20 notice 28.7kB README.md
20 notice 87B lib/cancelledError.d.ts
20 notice 145B lib/cancelledError.js
20 notice 138B lib/cloneCommand.d.ts
20 notice 4.5kB lib/cloneCommand.js
20 notice 3.5kB lib/commandsAndMenu.d.ts
20 notice 75.9kB lib/commandsAndMenu.js
20 notice 671B lib/components/ActionButton.d.ts
20 notice 552B lib/components/ActionButton.js
20 notice 3.0kB lib/components/BranchMenu.d.ts
20 notice 12.7kB lib/components/BranchMenu.js
20 notice 864B lib/components/BranchPicker.d.ts
20 notice 5.2kB lib/components/BranchPicker.js
20 notice 3.1kB lib/components/CommitBox.d.ts
20 notice 7.4kB lib/components/CommitBox.js
20 notice 1.6kB lib/components/CommitComparisonBox.d.ts
20 notice 4.2kB lib/components/CommitComparisonBox.js
20 notice 1.4kB lib/components/CommitDiff.d.ts
20 notice 3.4kB lib/components/CommitDiff.js
20 notice 1.2kB lib/components/CommitMessage.d.ts
20 notice 2.8kB lib/components/CommitMessage.js
20 notice 1.0kB lib/components/diff/ImageDiff.d.ts
20 notice 13.0kB lib/components/diff/ImageDiff.js
20 notice 1.9kB lib/components/diff/model.d.ts
20 notice 2.6kB lib/components/diff/model.js
20 notice 3.4kB lib/components/diff/NotebookDiff.d.ts
20 notice 13.3kB lib/components/diff/NotebookDiff.js
20 notice 3.0kB lib/components/diff/PlainTextDiff.d.ts
20 notice 11.2kB lib/components/diff/PlainTextDiff.js
20 notice 1.1kB lib/components/diff/PreviewMainAreaWidget.d.ts
20 notice 2.5kB lib/components/diff/PreviewMainAreaWidget.js
20 notice 1.8kB lib/components/FileItem.d.ts
20 notice 5.8kB lib/components/FileItem.js
20 notice 8.0kB lib/components/FileList.d.ts
20 notice 38.1kB lib/components/FileList.js
20 notice 372B lib/components/FilePath.d.ts
20 notice 926B lib/components/FilePath.js
20 notice 1.2kB lib/components/GitCommitGraph.d.ts
20 notice 4.9kB lib/components/GitCommitGraph.js
20 notice 6.2kB lib/components/GitPanel.d.ts
20 notice 28.1kB lib/components/GitPanel.js
20 notice 849B lib/components/GitStage.d.ts
20 notice 1.7kB lib/components/GitStage.js
20 notice 848B lib/components/GitStash.d.ts
20 notice 6.4kB lib/components/GitStash.js
20 notice 1.8kB lib/components/HistorySideBar.d.ts
20 notice 6.9kB lib/components/HistorySideBar.js
20 notice 1.1kB lib/components/ManageRemoteDialogue.d.ts
20 notice 6.5kB lib/components/ManageRemoteDialogue.js
20 notice 2.8kB lib/components/NewBranchDialog.d.ts
20 notice 11.1kB lib/components/NewBranchDialog.js
20 notice 2.4kB lib/components/NewTagDialog.d.ts
20 notice 10.0kB lib/components/NewTagDialog.js
20 notice 3.6kB lib/components/PastCommitNode.d.ts
20 notice 6.1kB lib/components/PastCommitNode.js
20 notice 643B lib/components/RebaseAction.d.ts
20 notice 3.9kB lib/components/RebaseAction.js
20 notice 3.1kB lib/components/ResetRevertDialog.d.ts
20 notice 7.7kB lib/components/ResetRevertDialog.js
20 notice 543B lib/components/SelectAllButton.d.ts
20 notice 398B lib/components/SelectAllButton.js
20 notice 3.2kB lib/components/SinglePastCommitInfo.d.ts
20 notice 4.5kB lib/components/SinglePastCommitInfo.js
20 notice 1.3kB lib/components/StatusWidget.d.ts
20 notice 7.4kB lib/components/StatusWidget.js
20 notice 1.3kB lib/components/SubmoduleMenu.d.ts
20 notice 2.5kB lib/components/SubmoduleMenu.js
20 notice 2.5kB lib/components/TagMenu.d.ts
20 notice 8.2kB lib/components/TagMenu.js
20 notice 3.7kB lib/components/Toolbar.d.ts
20 notice 12.2kB lib/components/Toolbar.js
20 notice 488B lib/components/WarningBox.d.ts
20 notice 881B lib/components/WarningBox.js
20 notice 1.7kB lib/generateGraphData.d.ts
20 notice 3.4kB lib/generateGraphData.js
20 notice 763B lib/git.d.ts
20 notice 2.1kB lib/git.js
20 notice 279B lib/handler.d.ts
20 notice 1.1kB lib/handler.js
20 notice 497B lib/index.d.ts
20 notice 8.3kB lib/index.js
20 notice 33.2kB lib/model.d.ts
20 notice 72.5kB lib/model.js
20 notice 831B lib/notifications.d.ts
20 notice 1.5kB lib/notifications.js
20 notice 477B lib/server.d.ts
20 notice 1.6kB lib/server.js
20 notice 221B lib/style/ActionButtonStyle.d.ts
20 notice 969B lib/style/ActionButtonStyle.js
20 notice 461B lib/style/BranchMenu.d.ts
20 notice 2.9kB lib/style/BranchMenu.js
20 notice 723B lib/style/CommitBox.d.ts
20 notice 3.6kB lib/style/CommitBox.js
20 notice 111B lib/style/CommitComparisonBox.d.ts
20 notice 393B lib/style/CommitComparisonBox.js
20 notice 49B lib/style/common.d.ts
20 notice 614B lib/style/common.js
20 notice 679B lib/style/FileItemStyle.d.ts
20 notice 2.5kB lib/style/FileItemStyle.js
20 notice 51B lib/style/FileListStyle.d.ts
20 notice 175B lib/style/FileListStyle.js
20 notice 136B lib/style/FilePathStyle.d.ts
20 notice 490B lib/style/FilePathStyle.js
20 notice 315B lib/style/GitPanel.d.ts
20 notice 1.8kB lib/style/GitPanel.js
20 notice 263B lib/style/GitStageStyle.d.ts
20 notice 1.6kB lib/style/GitStageStyle.js
20 notice 300B lib/style/GitStashStyle.d.ts
20 notice 1.0kB lib/style/GitStashStyle.js
20 notice 45B lib/style/GitWidgetStyle.d.ts
20 notice 272B lib/style/GitWidgetStyle.js
20 notice 212B lib/style/HistorySideBarStyle.d.ts
20 notice 757B lib/style/HistorySideBarStyle.js
20 notice 962B lib/style/icons.d.ts
20 notice 3.2kB lib/style/icons.js
20 notice 1.2kB lib/style/ImageDiffStyle.d.ts
20 notice 4.5kB lib/style/ImageDiffStyle.js
20 notice 262B lib/style/ManageRemoteDialog.d.ts
20 notice 847B lib/style/ManageRemoteDialog.js
20 notice 1.1kB lib/style/NewBranchDialog.d.ts
20 notice 6.1kB lib/style/NewBranchDialog.js
20 notice 458B lib/style/NewTagDialog.d.ts
20 notice 1.5kB lib/style/NewTagDialog.js
20 notice 689B lib/style/PastCommitNode.d.ts
20 notice 2.0kB lib/style/PastCommitNode.js
20 notice 48B lib/style/RebaseActionStyle.d.ts
20 notice 99B lib/style/RebaseActionStyle.js
20 notice 575B lib/style/ResetRevertDialog.d.ts
20 notice 4.6kB lib/style/ResetRevertDialog.js
20 notice 530B lib/style/SinglePastCommitInfo.d.ts
20 notice 2.0kB lib/style/SinglePastCommitInfo.js
20 notice 194B lib/style/StatusWidget.d.ts
20 notice 960B lib/style/StatusWidget.js
20 notice 51B lib/style/SubmoduleMenuStyle.d.ts
20 notice 299B lib/style/SubmoduleMenuStyle.js
20 notice 54B lib/style/SuspendModal.d.ts
20 notice 216B lib/style/SuspendModal.js
20 notice 624B lib/style/Toolbar.d.ts
20 notice 2.7kB lib/style/Toolbar.js
20 notice 308B lib/svgPathData.d.ts
20 notice 536B lib/svgPathData.js
20 notice 1.7kB lib/taskhandler.d.ts
20 notice 3.5kB lib/taskhandler.js
20 notice 40.9kB lib/tokens.d.ts
20 notice 4.9kB lib/tokens.js
20 notice 1.3kB lib/utils.d.ts
20 notice 3.5kB lib/utils.js
20 notice 41B lib/version.d.ts
20 notice 60B lib/version.js
20 notice 941B lib/widgets/AdvancedPushForm.d.ts
20 notice 3.6kB lib/widgets/AdvancedPushForm.js
20 notice 582B lib/widgets/AuthorBox.d.ts
20 notice 1.4kB lib/widgets/AuthorBox.js
20 notice 701B lib/widgets/CredentialsBox.d.ts
20 notice 2.3kB lib/widgets/CredentialsBox.js
20 notice 376B lib/widgets/discardAllChanges.d.ts
20 notice 1.2kB lib/widgets/discardAllChanges.js
20 notice 552B lib/widgets/GitCloneForm.d.ts
20 notice 2.9kB lib/widgets/GitCloneForm.js
20 notice 472B lib/widgets/GitResetToRemoteForm.d.ts
20 notice 1.1kB lib/widgets/GitResetToRemoteForm.js
20 notice 1.3kB lib/widgets/GitWidget.d.ts
20 notice 1.7kB lib/widgets/GitWidget.js
20 notice 10.9kB package.json
20 notice 6.8kB schema/plugin.json
20 notice 452B style/advanced-push-form.css
20 notice 695B style/base.css
20 notice 428B style/credentials-box.css
20 notice 3.8kB style/diff-common.css
20 notice 260B style/icons/add.svg
20 notice 1.4kB style/icons/branch.svg
20 notice 519B style/icons/clock.svg
20 notice 1.3kB style/icons/clone.svg
20 notice 420B style/icons/compare-with-selected.svg
20 notice 307B style/icons/deletions.svg
20 notice 258B style/icons/desktop.svg
20 notice 517B style/icons/diff.svg
20 notice 603B style/icons/discard.svg
20 notice 650B style/icons/git.svg
20 notice 326B style/icons/insertions.svg
20 notice 1.0kB style/icons/merge.svg
20 notice 518B style/icons/open-file.svg
20 notice 173B style/icons/plus.svg
20 notice 661B style/icons/pull.svg
20 notice 642B style/icons/push.svg
20 notice 240B style/icons/remove.svg
20 notice 352B style/icons/rewind.svg
20 notice 389B style/icons/select-for-compare.svg
20 notice 809B style/icons/tag.svg
20 notice 247B style/icons/trash.svg
20 notice 650B style/icons/vertical-more.svg
20 notice 487B style/index.css
20 notice 21B style/index.js
20 notice 65B style/status-widget.css
20 notice 690B style/variables.css
21 notice Tarball Details
22 notice name: @jupyterlab/git
23 notice version: 0.51.0
24 notice filename: jupyterlab-git-0.51.0.tgz
25 notice package size: 147.5 kB
26 notice unpacked size: 734.8 kB
27 notice shasum: d22f202b7c9db007887ad97c8f1d26b048ce2a83
28 notice integrity: sha512-vDu4CBWgjPiUH[...]Aha5Xqnohl7MA==
29 notice total files: 196
30 notice
31 verbose cwd C:\Users\kabu_server\000_work\py3123\_local_env\_tmp\tmp17alzf2v
32 verbose os Windows_NT 10.0.26100
33 verbose node v22.14.0
34 verbose npm  v11.2.0
35 verbose exit 0
36 info ok
