2025-04-10 05:33:26.593 [info] (Client) Pylance async client (2024.7.1) started with python extension (2024.4.1)
2025-04-10 05:33:27.517 [info] [Info  - 5:33:27] (556) Pylance language server 2024.7.1 (pyright version 1.1.369, commit 1168be71) starting
2025-04-10 05:33:27.518 [info] [Info  - 5:33:27] (556) Server root directory: file:///c%3A/Users/kabu_server/.vscode/extensions/ms-python.vscode-pylance-2024.7.1/dist
2025-04-10 05:33:27.536 [info] [Info  - 5:33:27] (556) Starting service instance "py3123"
2025-04-10 05:33:27.660 [info] [Info  - 5:33:27] (556) Setting pythonPath for service "py3123": "C:\Users\kabu_server\AppData\Local\Programs\Python\Python312\python.exe"
2025-04-10 05:33:27.661 [info] [Info  - 5:33:27] (556) Setting environmentName for service "py3123": "3.12.9 (グローバル)"
2025-04-10 05:33:27.662 [info] [Info  - 5:33:27] (556) No include entries specified; assuming c:\Users\kabu_server\000_work\py3123
2025-04-10 05:33:27.663 [info] [Info  - 5:33:27] (556) Auto-excluding **/node_modules
2025-04-10 05:33:27.664 [info] [Info  - 5:33:27] (556) Auto-excluding **/__pycache__
2025-04-10 05:33:27.664 [info] [Info  - 5:33:27] (556) Auto-excluding **/.*
2025-04-10 05:33:27.784 [info] [Info  - 5:33:27] (556) Assuming Python version 3.12.9.final.0
2025-04-10 05:33:39.415 [info] [Info  - 5:33:39] (556) Found 29596 source files
2025-04-10 05:33:40.441 [info] [Info  - 5:33:40] (556) Background analysis(1) root directory: file:///c%3A/Users/kabu_server/.vscode/extensions/ms-python.vscode-pylance-2024.7.1/dist
2025-04-10 05:33:40.441 [info] [Info  - 5:33:40] (556) Background analysis(1) started
2025-04-10 05:33:40.693 [info] [Info  - 5:33:40] (556) Indexer background runner(2) root directory: file:///c%3A/Users/kabu_server/.vscode/extensions/ms-python.vscode-pylance-2024.7.1/dist (index)
2025-04-10 05:33:40.694 [info] [Info  - 5:33:40] (556) Indexing(2) started
2025-04-10 05:33:43.571 [info] [Info  - 5:33:43] (556) [BG(1)] Long operation: checking: file:///c%3A/Users/kabu_server/000_work/py3123/extract_diff_files.py (2761ms)
2025-04-10 05:33:43.575 [info] [Info  - 5:33:43] (556) [BG(1)] Long operation: analyzing: file:///c%3A/Users/kabu_server/000_work/py3123/extract_diff_files.py (3121ms)
2025-04-10 05:33:46.256 [info] [Info  - 5:33:46] (556) [IDX(2)] Long operation: scan packages file:///c%3A/Users/kabu_server/000_work/py3123 (5317ms)
2025-04-10 05:33:46.257 [info] [Info  - 5:33:46] (556) scanned(2) 14 files over 1 exec env
2025-04-10 05:33:46.819 [info] [Info  - 5:33:46] (556) indexed(2) 3 files over 1 exec env
2025-04-10 05:33:46.852 [info] [Info  - 5:33:46] (556) Indexing finished(2).
2025-04-10 05:34:13.597 [info] [Info  - 5:34:13] (556) Found 29682 source files
2025-04-10 05:35:04.656 [info] [Warn  - 5:35:04] (556) Workspace indexing has hit its upper limit: 2000 files
